[0.032s] Invoking command in '/home/cmyhj/文档/winterhomework/build/answer': CMAKE_PREFIX_PATH=/opt/ros/humble /usr/bin/cmake --build /home/cmyhj/文档/winterhomework/build/answer -- -j32 -l32
[0.060s] [100%] Built target answer_node
[0.065s] Invoked command in '/home/cmyhj/文档/winterhomework/build/answer' returned '0': CMAKE_PREFIX_PATH=/opt/ros/humble /usr/bin/cmake --build /home/cmyhj/文档/winterhomework/build/answer -- -j32 -l32
[0.091s] Invoking command in '/home/cmyhj/文档/winterhomework/build/answer': CMAKE_PREFIX_PATH=/opt/ros/humble /usr/bin/cmake --install /home/cmyhj/文档/winterhomework/build/answer
[0.095s] -- Install configuration: "Release"
[0.095s] -- Up-to-date: /home/cmyhj/文档/winterhomework/install/answer/lib/answer/answer_node
[0.095s] -- Up-to-date: /home/cmyhj/文档/winterhomework/install/answer/share/ament_index/resource_index/package_run_dependencies/answer
[0.095s] -- Up-to-date: /home/cmyhj/文档/winterhomework/install/answer/share/ament_index/resource_index/parent_prefix_path/answer
[0.095s] -- Up-to-date: /home/cmyhj/文档/winterhomework/install/answer/share/answer/environment/ament_prefix_path.sh
[0.095s] -- Up-to-date: /home/cmyhj/文档/winterhomework/install/answer/share/answer/environment/ament_prefix_path.dsv
[0.096s] -- Up-to-date: /home/cmyhj/文档/winterhomework/install/answer/share/answer/environment/path.sh
[0.096s] -- Up-to-date: /home/cmyhj/文档/winterhomework/install/answer/share/answer/environment/path.dsv
[0.096s] -- Up-to-date: /home/cmyhj/文档/winterhomework/install/answer/share/answer/local_setup.bash
[0.096s] -- Up-to-date: /home/cmyhj/文档/winterhomework/install/answer/share/answer/local_setup.sh
[0.096s] -- Up-to-date: /home/cmyhj/文档/winterhomework/install/answer/share/answer/local_setup.zsh
[0.096s] -- Up-to-date: /home/cmyhj/文档/winterhomework/install/answer/share/answer/local_setup.dsv
[0.096s] -- Up-to-date: /home/cmyhj/文档/winterhomework/install/answer/share/answer/package.dsv
[0.096s] -- Up-to-date: /home/cmyhj/文档/winterhomework/install/answer/share/ament_index/resource_index/packages/answer
[0.096s] -- Up-to-date: /home/cmyhj/文档/winterhomework/install/answer/share/answer/cmake/answerConfig.cmake
[0.096s] -- Up-to-date: /home/cmyhj/文档/winterhomework/install/answer/share/answer/cmake/answerConfig-version.cmake
[0.096s] -- Up-to-date: /home/cmyhj/文档/winterhomework/install/answer/share/answer/package.xml
[0.096s] -- Up-to-date: /home/cmyhj/文档/winterhomework/install/answer/share/answer//launch
[0.096s] -- Up-to-date: /home/cmyhj/文档/winterhomework/install/answer/share/answer//launch/answer.py
[0.096s] -- Up-to-date: /home/cmyhj/文档/winterhomework/install/answer/lib/answer/answer.py
[0.097s] Invoked command in '/home/cmyhj/文档/winterhomework/build/answer' returned '0': CMAKE_PREFIX_PATH=/opt/ros/humble /usr/bin/cmake --install /home/cmyhj/文档/winterhomework/build/answer
