[0.019s] Invoking command in '/home/cmyhj/文档/winterhomework/build/homework': CMAKE_PREFIX_PATH=/opt/ros/humble /usr/bin/cmake /home/cmyhj/文档/winterhomework/src/homework -DCMAKE_BUILD_TYPE=Release -DCMAKE_INSTALL_PREFIX=/home/cmyhj/文档/winterhomework/install/homework
[0.025s] -- Found ament_cmake: 1.3.7 (/opt/ros/humble/share/ament_cmake/cmake)
[0.089s] -- Found rclcpp: 16.0.8 (/opt/ros/humble/share/rclcpp/cmake)
[0.102s] -- Found rosidl_generator_c: 3.1.5 (/opt/ros/humble/share/rosidl_generator_c/cmake)
[0.103s] -- Found rosidl_adapter: 3.1.5 (/opt/ros/humble/share/rosidl_adapter/cmake)
[0.106s] -- Found rosidl_generator_cpp: 3.1.5 (/opt/ros/humble/share/rosidl_generator_cpp/cmake)
[0.112s] -- Using all available rosidl_typesupport_c: rosidl_typesupport_fastrtps_c;rosidl_typesupport_introspection_c
[0.119s] -- Using all available rosidl_typesupport_cpp: rosidl_typesupport_fastrtps_cpp;rosidl_typesupport_introspection_cpp
[0.146s] -- Found rmw_implementation_cmake: 6.1.1 (/opt/ros/humble/share/rmw_implementation_cmake/cmake)
[0.147s] -- Found rmw_fastrtps_cpp: 6.2.6 (/opt/ros/humble/share/rmw_fastrtps_cpp/cmake)
[0.199s] -- Using RMW implementation 'rmw_fastrtps_cpp' as default
[0.273s] -- Found geometry_msgs: 4.2.3 (/opt/ros/humble/share/geometry_msgs/cmake)
[0.293s] -- Found sensor_msgs: 4.2.3 (/opt/ros/humble/share/sensor_msgs/cmake)
[0.334s] -- Found cv_bridge: 3.4.0 (/opt/ros/humble/share/cv_bridge/cmake)
[0.347s] -- Found ament_lint_auto: 0.12.10 (/opt/ros/humble/share/ament_lint_auto/cmake)
[0.377s] -- Added test 'copyright' to check source files copyright and LICENSE
[0.383s] -- Added test 'cppcheck' to perform static code analysis on C / C++ code
[0.383s] -- Configured cppcheck include dirs: /home/cmyhj/文档/winterhomework/src/homework/thirdparty/websocketpp-0.8.2;$<BUILD_INTERFACE:/home/cmyhj/文档/winterhomework/src/homework/include>
[0.384s] -- Configured cppcheck exclude dirs and/or files: 
[0.390s] -- Added test 'cpplint' to check C / C++ code against the Google style
[0.390s] -- Configured cpplint exclude dirs and/or files: 
[0.392s] -- Added test 'lint_cmake' to check CMake code style
[0.399s] -- Added test 'uncrustify' to check C / C++ code style
[0.399s] -- Configured uncrustify additional arguments: 
[0.400s] -- Added test 'xmllint' to check XML markup files
[0.400s] -- Configuring done
[0.405s] -- Generating done
[0.406s] -- Build files have been written to: /home/cmyhj/文档/winterhomework/build/homework
[0.410s] Invoked command in '/home/cmyhj/文档/winterhomework/build/homework' returned '0': CMAKE_PREFIX_PATH=/opt/ros/humble /usr/bin/cmake /home/cmyhj/文档/winterhomework/src/homework -DCMAKE_BUILD_TYPE=Release -DCMAKE_INSTALL_PREFIX=/home/cmyhj/文档/winterhomework/install/homework
[0.411s] Invoking command in '/home/cmyhj/文档/winterhomework/build/homework': CMAKE_PREFIX_PATH=/opt/ros/humble /usr/bin/cmake --build /home/cmyhj/文档/winterhomework/build/homework -- -j32 -l32
[0.431s] [35m[1mConsolidate compiler generated dependencies of target homework_node[0m
[0.445s] [ 50%] [32mBuilding CXX object CMakeFiles/homework_node.dir/src/homework_node.cpp.o[0m
[11.206s] [100%] [32m[1mLinking CXX executable homework_node[0m
[11.349s] [100%] Built target homework_node
[11.359s] Invoked command in '/home/cmyhj/文档/winterhomework/build/homework' returned '0': CMAKE_PREFIX_PATH=/opt/ros/humble /usr/bin/cmake --build /home/cmyhj/文档/winterhomework/build/homework -- -j32 -l32
[11.372s] Invoking command in '/home/cmyhj/文档/winterhomework/build/homework': CMAKE_PREFIX_PATH=/opt/ros/humble /usr/bin/cmake --install /home/cmyhj/文档/winterhomework/build/homework
[11.376s] -- Install configuration: "Release"
[11.376s] -- Installing: /home/cmyhj/文档/winterhomework/install/homework/lib/homework/homework_node
[11.378s] -- Set runtime path of "/home/cmyhj/文档/winterhomework/install/homework/lib/homework/homework_node" to ""
[11.378s] -- Up-to-date: /home/cmyhj/文档/winterhomework/install/homework/share/ament_index/resource_index/package_run_dependencies/homework
[11.378s] -- Up-to-date: /home/cmyhj/文档/winterhomework/install/homework/share/ament_index/resource_index/parent_prefix_path/homework
[11.378s] -- Up-to-date: /home/cmyhj/文档/winterhomework/install/homework/share/homework/environment/ament_prefix_path.sh
[11.378s] -- Installing: /home/cmyhj/文档/winterhomework/install/homework/share/homework/environment/ament_prefix_path.dsv
[11.378s] -- Up-to-date: /home/cmyhj/文档/winterhomework/install/homework/share/homework/environment/path.sh
[11.378s] -- Installing: /home/cmyhj/文档/winterhomework/install/homework/share/homework/environment/path.dsv
[11.378s] -- Up-to-date: /home/cmyhj/文档/winterhomework/install/homework/share/homework/local_setup.bash
[11.378s] -- Up-to-date: /home/cmyhj/文档/winterhomework/install/homework/share/homework/local_setup.sh
[11.378s] -- Up-to-date: /home/cmyhj/文档/winterhomework/install/homework/share/homework/local_setup.zsh
[11.378s] -- Installing: /home/cmyhj/文档/winterhomework/install/homework/share/homework/local_setup.dsv
[11.378s] -- Installing: /home/cmyhj/文档/winterhomework/install/homework/share/homework/package.dsv
[11.378s] -- Up-to-date: /home/cmyhj/文档/winterhomework/install/homework/share/ament_index/resource_index/packages/homework
[11.378s] -- Up-to-date: /home/cmyhj/文档/winterhomework/install/homework/share/homework/cmake/homeworkConfig.cmake
[11.379s] -- Up-to-date: /home/cmyhj/文档/winterhomework/install/homework/share/homework/cmake/homeworkConfig-version.cmake
[11.379s] -- Up-to-date: /home/cmyhj/文档/winterhomework/install/homework/share/homework/package.xml
[11.379s] Invoked command in '/home/cmyhj/文档/winterhomework/build/homework' returned '0': CMAKE_PREFIX_PATH=/opt/ros/humble /usr/bin/cmake --install /home/cmyhj/文档/winterhomework/build/homework
