[0.033s] Invoking command in '/home/cmyhj/文档/winterhomework/build/homework': CMAKE_PREFIX_PATH=/opt/ros/humble /usr/bin/cmake --build /home/cmyhj/文档/winterhomework/build/homework -- -j32 -l32
[0.051s] [35m[1mConsolidate compiler generated dependencies of target homework_node[0m
[0.065s] [100%] Built target homework_node
[0.070s] Invoked command in '/home/cmyhj/文档/winterhomework/build/homework' returned '0': CMAKE_PREFIX_PATH=/opt/ros/humble /usr/bin/cmake --build /home/cmyhj/文档/winterhomework/build/homework -- -j32 -l32
[0.081s] Invoking command in '/home/cmyhj/文档/winterhomework/build/homework': CMAKE_PREFIX_PATH=/opt/ros/humble /usr/bin/cmake --install /home/cmyhj/文档/winterhomework/build/homework
[0.085s] -- Install configuration: ""
[0.085s] -- Up-to-date: /home/cmyhj/文档/winterhomework/install/homework/lib/homework/homework_node
[0.085s] -- Up-to-date: /home/cmyhj/文档/winterhomework/install/homework/share/ament_index/resource_index/package_run_dependencies/homework
[0.085s] -- Up-to-date: /home/cmyhj/文档/winterhomework/install/homework/share/ament_index/resource_index/parent_prefix_path/homework
[0.085s] -- Up-to-date: /home/cmyhj/文档/winterhomework/install/homework/share/homework/environment/ament_prefix_path.sh
[0.085s] -- Up-to-date: /home/cmyhj/文档/winterhomework/install/homework/share/homework/environment/ament_prefix_path.dsv
[0.085s] -- Up-to-date: /home/cmyhj/文档/winterhomework/install/homework/share/homework/environment/path.sh
[0.085s] -- Up-to-date: /home/cmyhj/文档/winterhomework/install/homework/share/homework/environment/path.dsv
[0.085s] -- Up-to-date: /home/cmyhj/文档/winterhomework/install/homework/share/homework/local_setup.bash
[0.085s] -- Up-to-date: /home/cmyhj/文档/winterhomework/install/homework/share/homework/local_setup.sh
[0.085s] -- Up-to-date: /home/cmyhj/文档/winterhomework/install/homework/share/homework/local_setup.zsh
[0.085s] -- Up-to-date: /home/cmyhj/文档/winterhomework/install/homework/share/homework/local_setup.dsv
[0.085s] -- Installing: /home/cmyhj/文档/winterhomework/install/homework/share/homework/package.dsv
[0.085s] -- Up-to-date: /home/cmyhj/文档/winterhomework/install/homework/share/ament_index/resource_index/packages/homework
[0.085s] -- Up-to-date: /home/cmyhj/文档/winterhomework/install/homework/share/homework/cmake/homeworkConfig.cmake
[0.085s] -- Up-to-date: /home/cmyhj/文档/winterhomework/install/homework/share/homework/cmake/homeworkConfig-version.cmake
[0.085s] -- Up-to-date: /home/cmyhj/文档/winterhomework/install/homework/share/homework/package.xml
[0.104s] Invoked command in '/home/cmyhj/文档/winterhomework/build/homework' returned '0': CMAKE_PREFIX_PATH=/opt/ros/humble /usr/bin/cmake --install /home/cmyhj/文档/winterhomework/build/homework
