[0.333s] DEBUG:colcon:Command line arguments: ['/usr/bin/colcon', 'build']
[0.333s] DEBUG:colcon:Parsed command line arguments: Namespace(log_base=None, log_level=None, verb_name='build', build_base='build', install_base='install', merge_install=False, symlink_install=False, test_result_base=None, continue_on_error=False, executor='parallel', parallel_workers=32, event_handlers=None, ignore_user_meta=False, metas=['./colcon.meta'], base_paths=['.'], packages_ignore=None, packages_ignore_regex=None, paths=None, packages_up_to=None, packages_up_to_regex=None, packages_above=None, packages_above_and_dependencies=None, packages_above_depth=None, packages_select_by_dep=None, packages_skip_by_dep=None, packages_skip_up_to=None, packages_select_build_failed=False, packages_skip_build_finished=False, packages_select_test_failures=False, packages_skip_test_passed=False, packages_select=None, packages_skip=None, packages_select_regex=None, packages_skip_regex=None, packages_start=None, packages_end=None, allow_overriding=[], cmake_args=None, cmake_target=None, cmake_target_skip_unavailable=False, cmake_clean_cache=False, cmake_clean_first=False, cmake_force_configure=False, ament_cmake_args=None, catkin_cmake_args=None, catkin_skip_building_tests=False, verb_parser=<colcon_defaults.argument_parser.defaults.DefaultArgumentsDecorator object at 0x7f3f1d869510>, verb_extension=<colcon_core.verb.build.BuildVerb object at 0x7f3f1d80b7f0>, main=<bound method BuildVerb.main of <colcon_core.verb.build.BuildVerb object at 0x7f3f1d80b7f0>>)
[0.350s] Level 1:colcon.colcon_core.package_discovery:discover_packages(colcon_meta) check parameters
[0.350s] Level 1:colcon.colcon_core.package_discovery:discover_packages(recursive) check parameters
[0.350s] Level 1:colcon.colcon_core.package_discovery:discover_packages(ignore) check parameters
[0.350s] Level 1:colcon.colcon_core.package_discovery:discover_packages(path) check parameters
[0.350s] Level 1:colcon.colcon_core.package_discovery:discover_packages(colcon_meta) discover
[0.350s] Level 1:colcon.colcon_core.package_discovery:discover_packages(recursive) discover
[0.350s] INFO:colcon.colcon_core.package_discovery:Crawling recursively for packages in '/home/cmyhj/文档/winterhomework'
[0.350s] Level 1:colcon.colcon_core.package_identification:_identify(.) by extensions ['ignore', 'ignore_ament_install']
[0.350s] Level 1:colcon.colcon_core.package_identification:_identify(.) by extension 'ignore'
[0.350s] Level 1:colcon.colcon_core.package_identification:_identify(.) by extension 'ignore_ament_install'
[0.350s] Level 1:colcon.colcon_core.package_identification:_identify(.) by extensions ['colcon_pkg']
[0.350s] Level 1:colcon.colcon_core.package_identification:_identify(.) by extension 'colcon_pkg'
[0.350s] Level 1:colcon.colcon_core.package_identification:_identify(.) by extensions ['colcon_meta']
[0.350s] Level 1:colcon.colcon_core.package_identification:_identify(.) by extension 'colcon_meta'
[0.350s] Level 1:colcon.colcon_core.package_identification:_identify(.) by extensions ['ros']
[0.350s] Level 1:colcon.colcon_core.package_identification:_identify(.) by extension 'ros'
[0.355s] Level 1:colcon.colcon_core.package_identification:_identify(.) by extensions ['cmake', 'python']
[0.355s] Level 1:colcon.colcon_core.package_identification:_identify(.) by extension 'cmake'
[0.355s] Level 1:colcon.colcon_core.package_identification:_identify(.) by extension 'python'
[0.355s] Level 1:colcon.colcon_core.package_identification:_identify(.) by extensions ['python_setup_py']
[0.355s] Level 1:colcon.colcon_core.package_identification:_identify(.) by extension 'python_setup_py'
[0.355s] Level 1:colcon.colcon_core.package_identification:_identify(build) by extensions ['ignore', 'ignore_ament_install']
[0.355s] Level 1:colcon.colcon_core.package_identification:_identify(build) by extension 'ignore'
[0.355s] Level 1:colcon.colcon_core.package_identification:_identify(build) ignored
[0.355s] Level 1:colcon.colcon_core.package_identification:_identify(install) by extensions ['ignore', 'ignore_ament_install']
[0.355s] Level 1:colcon.colcon_core.package_identification:_identify(install) by extension 'ignore'
[0.355s] Level 1:colcon.colcon_core.package_identification:_identify(install) ignored
[0.355s] Level 1:colcon.colcon_core.package_identification:_identify(log) by extensions ['ignore', 'ignore_ament_install']
[0.355s] Level 1:colcon.colcon_core.package_identification:_identify(log) by extension 'ignore'
[0.355s] Level 1:colcon.colcon_core.package_identification:_identify(log) ignored
[0.355s] Level 1:colcon.colcon_core.package_identification:_identify(src) by extensions ['ignore', 'ignore_ament_install']
[0.355s] Level 1:colcon.colcon_core.package_identification:_identify(src) by extension 'ignore'
[0.355s] Level 1:colcon.colcon_core.package_identification:_identify(src) by extension 'ignore_ament_install'
[0.355s] Level 1:colcon.colcon_core.package_identification:_identify(src) by extensions ['colcon_pkg']
[0.355s] Level 1:colcon.colcon_core.package_identification:_identify(src) by extension 'colcon_pkg'
[0.355s] Level 1:colcon.colcon_core.package_identification:_identify(src) by extensions ['colcon_meta']
[0.355s] Level 1:colcon.colcon_core.package_identification:_identify(src) by extension 'colcon_meta'
[0.355s] Level 1:colcon.colcon_core.package_identification:_identify(src) by extensions ['ros']
[0.355s] Level 1:colcon.colcon_core.package_identification:_identify(src) by extension 'ros'
[0.355s] Level 1:colcon.colcon_core.package_identification:_identify(src) by extensions ['cmake', 'python']
[0.356s] Level 1:colcon.colcon_core.package_identification:_identify(src) by extension 'cmake'
[0.356s] Level 1:colcon.colcon_core.package_identification:_identify(src) by extension 'python'
[0.356s] Level 1:colcon.colcon_core.package_identification:_identify(src) by extensions ['python_setup_py']
[0.356s] Level 1:colcon.colcon_core.package_identification:_identify(src) by extension 'python_setup_py'
[0.356s] Level 1:colcon.colcon_core.package_identification:_identify(src/answer) by extensions ['ignore', 'ignore_ament_install']
[0.356s] Level 1:colcon.colcon_core.package_identification:_identify(src/answer) by extension 'ignore'
[0.356s] Level 1:colcon.colcon_core.package_identification:_identify(src/answer) by extension 'ignore_ament_install'
[0.356s] Level 1:colcon.colcon_core.package_identification:_identify(src/answer) by extensions ['colcon_pkg']
[0.356s] Level 1:colcon.colcon_core.package_identification:_identify(src/answer) by extension 'colcon_pkg'
[0.356s] Level 1:colcon.colcon_core.package_identification:_identify(src/answer) by extensions ['colcon_meta']
[0.356s] Level 1:colcon.colcon_core.package_identification:_identify(src/answer) by extension 'colcon_meta'
[0.356s] Level 1:colcon.colcon_core.package_identification:_identify(src/answer) by extensions ['ros']
[0.356s] Level 1:colcon.colcon_core.package_identification:_identify(src/answer) by extension 'ros'
[0.357s] DEBUG:colcon.colcon_core.package_identification:Package 'src/answer' with type 'ros.ament_cmake' and name 'the_package'
[0.357s] Level 1:colcon.colcon_core.package_identification:_identify(src/homework) by extensions ['ignore', 'ignore_ament_install']
[0.357s] Level 1:colcon.colcon_core.package_identification:_identify(src/homework) by extension 'ignore'
[0.357s] Level 1:colcon.colcon_core.package_identification:_identify(src/homework) by extension 'ignore_ament_install'
[0.357s] Level 1:colcon.colcon_core.package_identification:_identify(src/homework) by extensions ['colcon_pkg']
[0.357s] Level 1:colcon.colcon_core.package_identification:_identify(src/homework) by extension 'colcon_pkg'
[0.357s] Level 1:colcon.colcon_core.package_identification:_identify(src/homework) by extensions ['colcon_meta']
[0.357s] Level 1:colcon.colcon_core.package_identification:_identify(src/homework) by extension 'colcon_meta'
[0.357s] Level 1:colcon.colcon_core.package_identification:_identify(src/homework) by extensions ['ros']
[0.357s] Level 1:colcon.colcon_core.package_identification:_identify(src/homework) by extension 'ros'
[0.357s] DEBUG:colcon.colcon_core.package_identification:Package 'src/homework' with type 'ros.ament_cmake' and name 'homework'
[0.357s] Level 1:colcon.colcon_core.package_discovery:discover_packages(recursive) using defaults
[0.357s] Level 1:colcon.colcon_core.package_discovery:discover_packages(ignore) discover
[0.357s] Level 1:colcon.colcon_core.package_discovery:discover_packages(ignore) using defaults
[0.357s] Level 1:colcon.colcon_core.package_discovery:discover_packages(path) discover
[0.357s] Level 1:colcon.colcon_core.package_discovery:discover_packages(path) using defaults
[0.388s] Level 1:colcon.colcon_core.package_discovery:discover_packages(prefix_path) check parameters
[0.388s] Level 1:colcon.colcon_core.package_discovery:discover_packages(prefix_path) discover
[0.397s] DEBUG:colcon.colcon_installed_package_information.package_discovery:Found 270 installed packages in /opt/ros/humble
[0.398s] Level 1:colcon.colcon_core.package_discovery:discover_packages(prefix_path) using defaults
[0.432s] Level 5:colcon.colcon_core.verb:set package 'homework' build argument 'cmake_args' from command line to 'None'
[0.432s] Level 5:colcon.colcon_core.verb:set package 'homework' build argument 'cmake_target' from command line to 'None'
[0.432s] Level 5:colcon.colcon_core.verb:set package 'homework' build argument 'cmake_target_skip_unavailable' from command line to 'False'
[0.432s] Level 5:colcon.colcon_core.verb:set package 'homework' build argument 'cmake_clean_cache' from command line to 'False'
[0.432s] Level 5:colcon.colcon_core.verb:set package 'homework' build argument 'cmake_clean_first' from command line to 'False'
[0.432s] Level 5:colcon.colcon_core.verb:set package 'homework' build argument 'cmake_force_configure' from command line to 'False'
[0.432s] Level 5:colcon.colcon_core.verb:set package 'homework' build argument 'ament_cmake_args' from command line to 'None'
[0.432s] Level 5:colcon.colcon_core.verb:set package 'homework' build argument 'catkin_cmake_args' from command line to 'None'
[0.432s] Level 5:colcon.colcon_core.verb:set package 'homework' build argument 'catkin_skip_building_tests' from command line to 'False'
[0.432s] DEBUG:colcon.colcon_core.verb:Building package 'homework' with the following arguments: {'ament_cmake_args': None, 'build_base': '/home/cmyhj/文档/winterhomework/build/homework', 'catkin_cmake_args': None, 'catkin_skip_building_tests': False, 'cmake_args': None, 'cmake_clean_cache': False, 'cmake_clean_first': False, 'cmake_force_configure': False, 'cmake_target': None, 'cmake_target_skip_unavailable': False, 'install_base': '/home/cmyhj/文档/winterhomework/install/homework', 'merge_install': False, 'path': '/home/cmyhj/文档/winterhomework/src/homework', 'symlink_install': False, 'test_result_base': None}
[0.437s] Level 5:colcon.colcon_core.verb:set package 'the_package' build argument 'cmake_args' from command line to 'None'
[0.437s] Level 5:colcon.colcon_core.verb:set package 'the_package' build argument 'cmake_target' from command line to 'None'
[0.437s] Level 5:colcon.colcon_core.verb:set package 'the_package' build argument 'cmake_target_skip_unavailable' from command line to 'False'
[0.437s] Level 5:colcon.colcon_core.verb:set package 'the_package' build argument 'cmake_clean_cache' from command line to 'False'
[0.437s] Level 5:colcon.colcon_core.verb:set package 'the_package' build argument 'cmake_clean_first' from command line to 'False'
[0.437s] Level 5:colcon.colcon_core.verb:set package 'the_package' build argument 'cmake_force_configure' from command line to 'False'
[0.437s] Level 5:colcon.colcon_core.verb:set package 'the_package' build argument 'ament_cmake_args' from command line to 'None'
[0.437s] Level 5:colcon.colcon_core.verb:set package 'the_package' build argument 'catkin_cmake_args' from command line to 'None'
[0.437s] Level 5:colcon.colcon_core.verb:set package 'the_package' build argument 'catkin_skip_building_tests' from command line to 'False'
[0.437s] DEBUG:colcon.colcon_core.verb:Building package 'the_package' with the following arguments: {'ament_cmake_args': None, 'build_base': '/home/cmyhj/文档/winterhomework/build/the_package', 'catkin_cmake_args': None, 'catkin_skip_building_tests': False, 'cmake_args': None, 'cmake_clean_cache': False, 'cmake_clean_first': False, 'cmake_force_configure': False, 'cmake_target': None, 'cmake_target_skip_unavailable': False, 'install_base': '/home/cmyhj/文档/winterhomework/install/the_package', 'merge_install': False, 'path': '/home/cmyhj/文档/winterhomework/src/answer', 'symlink_install': False, 'test_result_base': None}
[0.442s] INFO:colcon.colcon_core.executor:Executing jobs using 'parallel' executor
[0.447s] DEBUG:colcon.colcon_parallel_executor.executor.parallel:run_until_complete
[0.447s] INFO:colcon.colcon_ros.task.ament_cmake.build:Building ROS package in '/home/cmyhj/文档/winterhomework/src/homework' with build type 'ament_cmake'
[0.447s] INFO:colcon.colcon_cmake.task.cmake.build:Building CMake package in '/home/cmyhj/文档/winterhomework/src/homework'
[0.453s] INFO:colcon.colcon_core.plugin_system:Skipping extension 'colcon_core.shell.bat': Not used on non-Windows systems
[0.453s] INFO:colcon.colcon_core.shell:Skip shell extension 'powershell' for command environment: Not usable outside of PowerShell
[0.453s] DEBUG:colcon.colcon_core.shell:Skip shell extension 'dsv' for command environment
[0.463s] INFO:colcon.colcon_ros.task.ament_cmake.build:Building ROS package in '/home/cmyhj/文档/winterhomework/src/answer' with build type 'ament_cmake'
[0.463s] INFO:colcon.colcon_cmake.task.cmake.build:Building CMake package in '/home/cmyhj/文档/winterhomework/src/answer'
[0.468s] INFO:colcon.colcon_core.shell:Skip shell extension 'powershell' for command environment: Not usable outside of PowerShell
[0.468s] DEBUG:colcon.colcon_core.shell:Skip shell extension 'dsv' for command environment
[0.481s] DEBUG:colcon.colcon_core.event_handler.log_command:Invoking command in '/home/cmyhj/文档/winterhomework/build/homework': CMAKE_PREFIX_PATH=/opt/ros/humble /usr/bin/cmake --build /home/cmyhj/文档/winterhomework/build/homework -- -j32 -l32
[0.483s] DEBUG:colcon.colcon_core.event_handler.log_command:Invoking command in '/home/cmyhj/文档/winterhomework/build/the_package': CMAKE_PREFIX_PATH=/opt/ros/humble /usr/bin/cmake --build /home/cmyhj/文档/winterhomework/build/the_package -- -j32 -l32
[0.493s] DEBUG:colcon.colcon_core.event_handler.log_command:Invoked command in '/home/cmyhj/文档/winterhomework/build/the_package' returned '2': CMAKE_PREFIX_PATH=/opt/ros/humble /usr/bin/cmake --build /home/cmyhj/文档/winterhomework/build/the_package -- -j32 -l32
[0.508s] Level 1:colcon.colcon_core.environment:create_environment_scripts_only(the_package)
[0.514s] Level 1:colcon.colcon_core.environment:checking '/home/cmyhj/文档/winterhomework/install/the_package' for CMake module files
[0.514s] Level 1:colcon.colcon_core.environment:checking '/home/cmyhj/文档/winterhomework/install/the_package' for CMake config files
[0.514s] Level 1:colcon.colcon_core.shell:create_environment_hook('the_package', 'cmake_prefix_path')
[0.519s] INFO:colcon.colcon_core.shell:Creating environment hook '/home/cmyhj/文档/winterhomework/install/the_package/share/the_package/hook/cmake_prefix_path.ps1'
[0.519s] INFO:colcon.colcon_core.shell:Creating environment descriptor '/home/cmyhj/文档/winterhomework/install/the_package/share/the_package/hook/cmake_prefix_path.dsv'
[0.519s] INFO:colcon.colcon_core.shell:Creating environment hook '/home/cmyhj/文档/winterhomework/install/the_package/share/the_package/hook/cmake_prefix_path.sh'
[0.520s] Level 1:colcon.colcon_core.environment:checking '/home/cmyhj/文档/winterhomework/install/the_package/bin'
[0.520s] Level 1:colcon.colcon_core.environment:checking '/home/cmyhj/文档/winterhomework/install/the_package/lib/pkgconfig/the_package.pc'
[0.520s] Level 1:colcon.colcon_core.environment:checking '/home/cmyhj/文档/winterhomework/install/the_package/lib/python3.10/site-packages'
[0.520s] Level 1:colcon.colcon_core.environment:checking '/home/cmyhj/文档/winterhomework/install/the_package/bin'
[0.524s] INFO:colcon.colcon_core.shell:Creating package script '/home/cmyhj/文档/winterhomework/install/the_package/share/the_package/package.ps1'
[0.525s] INFO:colcon.colcon_core.shell:Creating package descriptor '/home/cmyhj/文档/winterhomework/install/the_package/share/the_package/package.dsv'
[0.525s] INFO:colcon.colcon_core.shell:Creating package script '/home/cmyhj/文档/winterhomework/install/the_package/share/the_package/package.sh'
[0.525s] INFO:colcon.colcon_core.shell:Creating package script '/home/cmyhj/文档/winterhomework/install/the_package/share/the_package/package.bash'
[0.526s] INFO:colcon.colcon_core.shell:Creating package script '/home/cmyhj/文档/winterhomework/install/the_package/share/the_package/package.zsh'
[0.526s] Level 1:colcon.colcon_core.environment:create_file_with_runtime_dependencies(/home/cmyhj/文档/winterhomework/install/the_package/share/colcon-core/packages/the_package)
[0.537s] DEBUG:colcon.colcon_parallel_executor.executor.parallel:closing loop
[0.537s] DEBUG:colcon.colcon_parallel_executor.executor.parallel:loop closed
[0.537s] DEBUG:colcon.colcon_parallel_executor.executor.parallel:run_until_complete finished with '2'
[0.537s] DEBUG:colcon.colcon_core.event_reactor:joining thread
[0.544s] INFO:colcon.colcon_core.plugin_system:Skipping extension 'colcon_notification.desktop_notification.terminal_notifier': Not used on non-Darwin systems
[0.544s] INFO:colcon.colcon_core.plugin_system:Skipping extension 'colcon_notification.desktop_notification.win32': Not used on non-Windows systems
[0.544s] INFO:colcon.colcon_notification.desktop_notification:Sending desktop notification using 'notify2'
[0.551s] DEBUG:colcon.colcon_core.event_reactor:joined thread
[0.556s] INFO:colcon.colcon_core.shell:Creating prefix script '/home/cmyhj/文档/winterhomework/install/local_setup.ps1'
[0.557s] INFO:colcon.colcon_core.shell:Creating prefix util module '/home/cmyhj/文档/winterhomework/install/_local_setup_util_ps1.py'
[0.557s] INFO:colcon.colcon_core.shell:Creating prefix chain script '/home/cmyhj/文档/winterhomework/install/setup.ps1'
[0.564s] INFO:colcon.colcon_core.shell:Creating prefix script '/home/cmyhj/文档/winterhomework/install/local_setup.sh'
[0.564s] INFO:colcon.colcon_core.shell:Creating prefix util module '/home/cmyhj/文档/winterhomework/install/_local_setup_util_sh.py'
[0.564s] INFO:colcon.colcon_core.shell:Creating prefix chain script '/home/cmyhj/文档/winterhomework/install/setup.sh'
[0.569s] INFO:colcon.colcon_core.shell:Creating prefix script '/home/cmyhj/文档/winterhomework/install/local_setup.bash'
[0.569s] INFO:colcon.colcon_core.shell:Creating prefix chain script '/home/cmyhj/文档/winterhomework/install/setup.bash'
[0.574s] INFO:colcon.colcon_core.shell:Creating prefix script '/home/cmyhj/文档/winterhomework/install/local_setup.zsh'
[0.574s] INFO:colcon.colcon_core.shell:Creating prefix chain script '/home/cmyhj/文档/winterhomework/install/setup.zsh'
