[0.018s] Invoking command in '/home/cmyhj/文档/winterhomework/build/the_package': CMAKE_PREFIX_PATH=/opt/ros/humble /usr/bin/cmake /home/cmyhj/文档/winterhomework/src/the_package -DCMAKE_INSTALL_PREFIX=/home/cmyhj/文档/winterhomework/install/the_package
[0.051s] -- The C compiler identification is GNU 11.4.0
[0.081s] -- The CXX compiler identification is GNU 11.4.0
[0.085s] -- Detecting C compiler ABI info
[0.115s] -- Detecting C compiler ABI info - done
[0.119s] -- Check for working C compiler: /usr/bin/cc - skipped
[0.119s] -- Detecting C compile features
[0.119s] -- Detecting C compile features - done
[0.120s] -- Detecting CXX compiler ABI info
[0.162s] -- Detecting CXX compiler ABI info - done
[0.165s] -- Check for working CXX compiler: /usr/bin/c++ - skipped
[0.165s] -- Detecting CXX compile features
[0.165s] -- Detecting CXX compile features - done
[0.167s] -- Found ament_cmake_auto: 1.3.7 (/opt/ros/humble/share/ament_cmake_auto/cmake)
[0.246s] -- Found Python3: /usr/bin/python3.10 (found version "3.10.12") found components: Interpreter 
[0.331s] -- Found rosidl_generator_c: 3.1.5 (/opt/ros/humble/share/rosidl_generator_c/cmake)
[0.333s] -- Found rosidl_adapter: 3.1.5 (/opt/ros/humble/share/rosidl_adapter/cmake)
[0.336s] -- Found rosidl_generator_cpp: 3.1.5 (/opt/ros/humble/share/rosidl_generator_cpp/cmake)
[0.342s] -- Using all available rosidl_typesupport_c: rosidl_typesupport_fastrtps_c;rosidl_typesupport_introspection_c
[0.350s] -- Using all available rosidl_typesupport_cpp: rosidl_typesupport_fastrtps_cpp;rosidl_typesupport_introspection_cpp
[0.381s] -- Found rmw_implementation_cmake: 6.1.1 (/opt/ros/humble/share/rmw_implementation_cmake/cmake)
[0.382s] -- Found rmw_fastrtps_cpp: 6.2.6 (/opt/ros/humble/share/rmw_fastrtps_cpp/cmake)
[0.423s] -- Found OpenSSL: /usr/lib/x86_64-linux-gnu/libcrypto.so (found version "3.0.2")  
[0.435s] -- Found FastRTPS: /opt/ros/humble/include  
[0.455s] -- Using RMW implementation 'rmw_fastrtps_cpp' as default
[0.459s] -- Looking for pthread.h
[0.490s] -- Looking for pthread.h - found
[0.490s] -- Performing Test CMAKE_HAVE_LIBC_PTHREAD
[0.522s] -- Performing Test CMAKE_HAVE_LIBC_PTHREAD - Success
[0.523s] -- Found Threads: TRUE  
[0.600s] -- Found ament_lint_auto: 0.12.10 (/opt/ros/humble/share/ament_lint_auto/cmake)
[0.606s] -- Added test 'cppcheck' to perform static code analysis on C / C++ code
[0.606s] -- Configured cppcheck include dirs: /home/cmyhj/文档/winterhomework/src/the_package/include
[0.606s] -- Configured cppcheck exclude dirs and/or files: 
[0.607s] -- Added test 'lint_cmake' to check CMake code style
[0.609s] -- Added test 'uncrustify' to check C / C++ code style
[0.609s] -- Configured uncrustify additional arguments: 
[0.609s] -- Added test 'xmllint' to check XML markup files
[0.610s] -- Configuring done
[0.614s] -- Generating done
[0.615s] -- Build files have been written to: /home/cmyhj/文档/winterhomework/build/the_package
[0.620s] Invoked command in '/home/cmyhj/文档/winterhomework/build/the_package' returned '0': CMAKE_PREFIX_PATH=/opt/ros/humble /usr/bin/cmake /home/cmyhj/文档/winterhomework/src/the_package -DCMAKE_INSTALL_PREFIX=/home/cmyhj/文档/winterhomework/install/the_package
[0.620s] Invoking command in '/home/cmyhj/文档/winterhomework/build/the_package': CMAKE_PREFIX_PATH=/opt/ros/humble /usr/bin/cmake --build /home/cmyhj/文档/winterhomework/build/the_package -- -j32 -l32
[0.642s] [ 50%] [32mBuilding CXX object CMakeFiles/the_node.dir/src/the_node.cpp.o[0m
[1.345s] [100%] [32m[1mLinking CXX executable the_node[0m
[1.460s] [100%] Built target the_node
[1.469s] Invoked command in '/home/cmyhj/文档/winterhomework/build/the_package' returned '0': CMAKE_PREFIX_PATH=/opt/ros/humble /usr/bin/cmake --build /home/cmyhj/文档/winterhomework/build/the_package -- -j32 -l32
[1.485s] Invoking command in '/home/cmyhj/文档/winterhomework/build/the_package': CMAKE_PREFIX_PATH=/opt/ros/humble /usr/bin/cmake --install /home/cmyhj/文档/winterhomework/build/the_package
[1.488s] -- Install configuration: ""
[1.488s] -- Installing: /home/cmyhj/文档/winterhomework/install/the_package/share/ament_index/resource_index/package_run_dependencies/the_package
[1.488s] -- Installing: /home/cmyhj/文档/winterhomework/install/the_package/share/ament_index/resource_index/parent_prefix_path/the_package
[1.489s] -- Installing: /home/cmyhj/文档/winterhomework/install/the_package/share/the_package/environment/ament_prefix_path.sh
[1.489s] -- Installing: /home/cmyhj/文档/winterhomework/install/the_package/share/the_package/environment/ament_prefix_path.dsv
[1.489s] -- Installing: /home/cmyhj/文档/winterhomework/install/the_package/share/the_package/environment/path.sh
[1.489s] -- Installing: /home/cmyhj/文档/winterhomework/install/the_package/share/the_package/environment/path.dsv
[1.489s] -- Installing: /home/cmyhj/文档/winterhomework/install/the_package/share/the_package/local_setup.bash
[1.489s] -- Installing: /home/cmyhj/文档/winterhomework/install/the_package/share/the_package/local_setup.sh
[1.489s] -- Installing: /home/cmyhj/文档/winterhomework/install/the_package/share/the_package/local_setup.zsh
[1.490s] -- Installing: /home/cmyhj/文档/winterhomework/install/the_package/share/the_package/local_setup.dsv
[1.490s] -- Installing: /home/cmyhj/文档/winterhomework/install/the_package/share/the_package/package.dsv
[1.490s] -- Installing: /home/cmyhj/文档/winterhomework/install/the_package/share/ament_index/resource_index/packages/the_package
[1.490s] -- Installing: /home/cmyhj/文档/winterhomework/install/the_package/share/the_package/cmake/the_packageConfig.cmake
[1.490s] -- Installing: /home/cmyhj/文档/winterhomework/install/the_package/share/the_package/cmake/the_packageConfig-version.cmake
[1.490s] -- Installing: /home/cmyhj/文档/winterhomework/install/the_package/share/the_package/package.xml
[1.490s] Invoked command in '/home/cmyhj/文档/winterhomework/build/the_package' returned '0': CMAKE_PREFIX_PATH=/opt/ros/humble /usr/bin/cmake --install /home/cmyhj/文档/winterhomework/build/the_package
