[0.032s] Invoking command in '/home/cmyhj/文档/winterhomework/build/answer': CMAKE_PREFIX_PATH=/opt/ros/humble /usr/bin/cmake --build /home/cmyhj/文档/winterhomework/build/answer -- -j32 -l32
[0.044s] -- Found ament_cmake_auto: 1.3.7 (/opt/ros/humble/share/ament_cmake_auto/cmake)
[0.151s] -- Found rosidl_generator_c: 3.1.5 (/opt/ros/humble/share/rosidl_generator_c/cmake)
[0.152s] -- Found rosidl_adapter: 3.1.5 (/opt/ros/humble/share/rosidl_adapter/cmake)
[0.155s] -- Found rosidl_generator_cpp: 3.1.5 (/opt/ros/humble/share/rosidl_generator_cpp/cmake)
[0.160s] -- Using all available rosidl_typesupport_c: rosidl_typesupport_fastrtps_c;rosidl_typesupport_introspection_c
[0.167s] -- Using all available rosidl_typesupport_cpp: rosidl_typesupport_fastrtps_cpp;rosidl_typesupport_introspection_cpp
[0.193s] -- Found rmw_implementation_cmake: 6.1.1 (/opt/ros/humble/share/rmw_implementation_cmake/cmake)
[0.194s] -- Found rmw_fastrtps_cpp: 6.2.6 (/opt/ros/humble/share/rmw_fastrtps_cpp/cmake)
[0.245s] -- Using RMW implementation 'rmw_fastrtps_cpp' as default
[0.385s] -- Found ament_lint_auto: 0.12.10 (/opt/ros/humble/share/ament_lint_auto/cmake)
[0.390s] -- Added test 'cppcheck' to perform static code analysis on C / C++ code
[0.390s] -- Configured cppcheck include dirs: /home/cmyhj/文档/winterhomework/src/answer/include
[0.390s] -- Configured cppcheck exclude dirs and/or files: 
[0.390s] -- Added test 'flake8' to check Python code syntax and style conventions
[0.391s] -- Added test 'lint_cmake' to check CMake code style
[0.391s] -- Added test 'pep257' to check Python code against some of the docstring style conventions in PEP 257
[0.393s] -- Added test 'uncrustify' to check C / C++ code style
[0.393s] -- Configured uncrustify additional arguments: 
[0.393s] -- Added test 'xmllint' to check XML markup files
[0.393s] -- Configuring done
[0.398s] -- Generating done
[0.399s] -- Build files have been written to: /home/cmyhj/文档/winterhomework/build/answer
[0.415s] [ 50%] [32mBuilding CXX object CMakeFiles/answer_node.dir/src/answer_node.cpp.o[0m
[5.521s] [100%] [32m[1mLinking CXX executable answer_node[0m
[5.641s] [100%] Built target answer_node
[5.647s] Invoked command in '/home/cmyhj/文档/winterhomework/build/answer' returned '0': CMAKE_PREFIX_PATH=/opt/ros/humble /usr/bin/cmake --build /home/cmyhj/文档/winterhomework/build/answer -- -j32 -l32
[5.660s] Invoking command in '/home/cmyhj/文档/winterhomework/build/answer': CMAKE_PREFIX_PATH=/opt/ros/humble /usr/bin/cmake --install /home/cmyhj/文档/winterhomework/build/answer
[5.664s] -- Install configuration: "Release"
[5.664s] -- Up-to-date: /home/cmyhj/文档/winterhomework/install/answer/share/ament_index/resource_index/package_run_dependencies/answer
[5.664s] -- Up-to-date: /home/cmyhj/文档/winterhomework/install/answer/share/ament_index/resource_index/parent_prefix_path/answer
[5.664s] -- Up-to-date: /home/cmyhj/文档/winterhomework/install/answer/share/answer/environment/ament_prefix_path.sh
[5.664s] -- Installing: /home/cmyhj/文档/winterhomework/install/answer/share/answer/environment/ament_prefix_path.dsv
[5.664s] -- Up-to-date: /home/cmyhj/文档/winterhomework/install/answer/share/answer/environment/path.sh
[5.664s] -- Installing: /home/cmyhj/文档/winterhomework/install/answer/share/answer/environment/path.dsv
[5.664s] -- Up-to-date: /home/cmyhj/文档/winterhomework/install/answer/share/answer/local_setup.bash
[5.665s] -- Up-to-date: /home/cmyhj/文档/winterhomework/install/answer/share/answer/local_setup.sh
[5.665s] -- Up-to-date: /home/cmyhj/文档/winterhomework/install/answer/share/answer/local_setup.zsh
[5.665s] -- Installing: /home/cmyhj/文档/winterhomework/install/answer/share/answer/local_setup.dsv
[5.665s] -- Installing: /home/cmyhj/文档/winterhomework/install/answer/share/answer/package.dsv
[5.665s] -- Up-to-date: /home/cmyhj/文档/winterhomework/install/answer/share/ament_index/resource_index/packages/answer
[5.665s] -- Up-to-date: /home/cmyhj/文档/winterhomework/install/answer/share/answer/cmake/answerConfig.cmake
[5.665s] -- Up-to-date: /home/cmyhj/文档/winterhomework/install/answer/share/answer/cmake/answerConfig-version.cmake
[5.665s] -- Up-to-date: /home/cmyhj/文档/winterhomework/install/answer/share/answer/package.xml
[5.665s] -- Up-to-date: /home/cmyhj/文档/winterhomework/install/answer/share/answer//launch
[5.665s] -- Up-to-date: /home/cmyhj/文档/winterhomework/install/answer/share/answer//launch/answer.py
[5.665s] -- Up-to-date: /home/cmyhj/文档/winterhomework/install/answer/lib/answer/answer.py
[5.666s] Invoked command in '/home/cmyhj/文档/winterhomework/build/answer' returned '0': CMAKE_PREFIX_PATH=/opt/ros/humble /usr/bin/cmake --install /home/cmyhj/文档/winterhomework/build/answer
