[0.018s] Invoking command in '/home/cmyhj/文档/winterhomework/build/homework': CMAKE_PREFIX_PATH=/opt/ros/humble /usr/bin/cmake /home/cmyhj/文档/winterhomework/src/homework -DCMAKE_BUILD_TYPE=Release -DCMAKE_INSTALL_PREFIX=/home/cmyhj/文档/winterhomework/install/homework
[0.024s] -- Found ament_cmake: 1.3.7 (/opt/ros/humble/share/ament_cmake/cmake)
[0.090s] -- Found rclcpp: 16.0.8 (/opt/ros/humble/share/rclcpp/cmake)
[0.103s] -- Found rosidl_generator_c: 3.1.5 (/opt/ros/humble/share/rosidl_generator_c/cmake)
[0.104s] -- Found rosidl_adapter: 3.1.5 (/opt/ros/humble/share/rosidl_adapter/cmake)
[0.106s] -- Found rosidl_generator_cpp: 3.1.5 (/opt/ros/humble/share/rosidl_generator_cpp/cmake)
[0.111s] -- Using all available rosidl_typesupport_c: rosidl_typesupport_fastrtps_c;rosidl_typesupport_introspection_c
[0.118s] -- Using all available rosidl_typesupport_cpp: rosidl_typesupport_fastrtps_cpp;rosidl_typesupport_introspection_cpp
[0.145s] -- Found rmw_implementation_cmake: 6.1.1 (/opt/ros/humble/share/rmw_implementation_cmake/cmake)
[0.145s] -- Found rmw_fastrtps_cpp: 6.2.6 (/opt/ros/humble/share/rmw_fastrtps_cpp/cmake)
[0.197s] -- Using RMW implementation 'rmw_fastrtps_cpp' as default
[0.269s] -- Found geometry_msgs: 4.2.3 (/opt/ros/humble/share/geometry_msgs/cmake)
[0.288s] -- Found sensor_msgs: 4.2.3 (/opt/ros/humble/share/sensor_msgs/cmake)
[0.327s] -- Found cv_bridge: 3.4.0 (/opt/ros/humble/share/cv_bridge/cmake)
[0.339s] -- Found ament_lint_auto: 0.12.10 (/opt/ros/humble/share/ament_lint_auto/cmake)
[0.370s] -- Added test 'copyright' to check source files copyright and LICENSE
[0.376s] -- Added test 'cppcheck' to perform static code analysis on C / C++ code
[0.376s] -- Configured cppcheck include dirs: /home/cmyhj/文档/winterhomework/src/homework/thirdparty/websocketpp-0.8.2;$<BUILD_INTERFACE:/home/cmyhj/文档/winterhomework/src/homework/include>
[0.376s] -- Configured cppcheck exclude dirs and/or files: 
[0.383s] -- Added test 'cpplint' to check C / C++ code against the Google style
[0.383s] -- Configured cpplint exclude dirs and/or files: 
[0.385s] -- Added test 'lint_cmake' to check CMake code style
[0.392s] -- Added test 'uncrustify' to check C / C++ code style
[0.392s] -- Configured uncrustify additional arguments: 
[0.393s] -- Added test 'xmllint' to check XML markup files
[0.393s] -- Configuring done
[0.398s] -- Generating done
[0.399s] -- Build files have been written to: /home/cmyhj/文档/winterhomework/build/homework
[0.403s] Invoked command in '/home/cmyhj/文档/winterhomework/build/homework' returned '0': CMAKE_PREFIX_PATH=/opt/ros/humble /usr/bin/cmake /home/cmyhj/文档/winterhomework/src/homework -DCMAKE_BUILD_TYPE=Release -DCMAKE_INSTALL_PREFIX=/home/cmyhj/文档/winterhomework/install/homework
[0.404s] Invoking command in '/home/cmyhj/文档/winterhomework/build/homework': CMAKE_PREFIX_PATH=/opt/ros/humble /usr/bin/cmake --build /home/cmyhj/文档/winterhomework/build/homework -- -j32 -l32
[0.422s] [35m[1mConsolidate compiler generated dependencies of target homework_node[0m
[0.435s] [100%] Built target homework_node
[0.440s] Invoked command in '/home/cmyhj/文档/winterhomework/build/homework' returned '0': CMAKE_PREFIX_PATH=/opt/ros/humble /usr/bin/cmake --build /home/cmyhj/文档/winterhomework/build/homework -- -j32 -l32
[0.454s] Invoking command in '/home/cmyhj/文档/winterhomework/build/homework': CMAKE_PREFIX_PATH=/opt/ros/humble /usr/bin/cmake --install /home/cmyhj/文档/winterhomework/build/homework
[0.457s] -- Install configuration: "Release"
[0.457s] -- Up-to-date: /home/cmyhj/文档/winterhomework/install/homework/lib/homework/homework_node
[0.457s] -- Up-to-date: /home/cmyhj/文档/winterhomework/install/homework/share/ament_index/resource_index/package_run_dependencies/homework
[0.457s] -- Installing: /home/cmyhj/文档/winterhomework/install/homework/share/ament_index/resource_index/parent_prefix_path/homework
[0.458s] -- Up-to-date: /home/cmyhj/文档/winterhomework/install/homework/share/homework/environment/ament_prefix_path.sh
[0.458s] -- Installing: /home/cmyhj/文档/winterhomework/install/homework/share/homework/environment/ament_prefix_path.dsv
[0.458s] -- Up-to-date: /home/cmyhj/文档/winterhomework/install/homework/share/homework/environment/path.sh
[0.458s] -- Installing: /home/cmyhj/文档/winterhomework/install/homework/share/homework/environment/path.dsv
[0.458s] -- Up-to-date: /home/cmyhj/文档/winterhomework/install/homework/share/homework/local_setup.bash
[0.458s] -- Up-to-date: /home/cmyhj/文档/winterhomework/install/homework/share/homework/local_setup.sh
[0.458s] -- Up-to-date: /home/cmyhj/文档/winterhomework/install/homework/share/homework/local_setup.zsh
[0.458s] -- Installing: /home/cmyhj/文档/winterhomework/install/homework/share/homework/local_setup.dsv
[0.458s] -- Installing: /home/cmyhj/文档/winterhomework/install/homework/share/homework/package.dsv
[0.458s] -- Up-to-date: /home/cmyhj/文档/winterhomework/install/homework/share/ament_index/resource_index/packages/homework
[0.458s] -- Up-to-date: /home/cmyhj/文档/winterhomework/install/homework/share/homework/cmake/homeworkConfig.cmake
[0.458s] -- Up-to-date: /home/cmyhj/文档/winterhomework/install/homework/share/homework/cmake/homeworkConfig-version.cmake
[0.458s] -- Up-to-date: /home/cmyhj/文档/winterhomework/install/homework/share/homework/package.xml
[0.458s] Invoked command in '/home/cmyhj/文档/winterhomework/build/homework' returned '0': CMAKE_PREFIX_PATH=/opt/ros/humble /usr/bin/cmake --install /home/cmyhj/文档/winterhomework/build/homework
