[0.018s] Invoking command in '/home/cmyhj/文档/winterhomework/build/the_package': CMAKE_PREFIX_PATH=/opt/ros/humble /usr/bin/cmake --build /home/cmyhj/文档/winterhomework/build/the_package -- -j32 -l32
[0.036s] [35m[1mConsolidate compiler generated dependencies of target the_node[0m
[0.043s] [100%] Built target the_node
[0.048s] Invoked command in '/home/cmyhj/文档/winterhomework/build/the_package' returned '0': CMAKE_PREFIX_PATH=/opt/ros/humble /usr/bin/cmake --build /home/cmyhj/文档/winterhomework/build/the_package -- -j32 -l32
[0.063s] Invoking command in '/home/cmyhj/文档/winterhomework/build/the_package': CMAKE_PREFIX_PATH=/opt/ros/humble /usr/bin/cmake --install /home/cmyhj/文档/winterhomework/build/the_package
[0.066s] -- Install configuration: ""
[0.066s] -- Up-to-date: /home/cmyhj/文档/winterhomework/install/the_package/share/ament_index/resource_index/package_run_dependencies/the_package
[0.066s] -- Up-to-date: /home/cmyhj/文档/winterhomework/install/the_package/share/ament_index/resource_index/parent_prefix_path/the_package
[0.066s] -- Up-to-date: /home/cmyhj/文档/winterhomework/install/the_package/share/the_package/environment/ament_prefix_path.sh
[0.066s] -- Up-to-date: /home/cmyhj/文档/winterhomework/install/the_package/share/the_package/environment/ament_prefix_path.dsv
[0.066s] -- Up-to-date: /home/cmyhj/文档/winterhomework/install/the_package/share/the_package/environment/path.sh
[0.066s] -- Up-to-date: /home/cmyhj/文档/winterhomework/install/the_package/share/the_package/environment/path.dsv
[0.066s] -- Up-to-date: /home/cmyhj/文档/winterhomework/install/the_package/share/the_package/local_setup.bash
[0.066s] -- Up-to-date: /home/cmyhj/文档/winterhomework/install/the_package/share/the_package/local_setup.sh
[0.066s] -- Up-to-date: /home/cmyhj/文档/winterhomework/install/the_package/share/the_package/local_setup.zsh
[0.066s] -- Up-to-date: /home/cmyhj/文档/winterhomework/install/the_package/share/the_package/local_setup.dsv
[0.066s] -- Up-to-date: /home/cmyhj/文档/winterhomework/install/the_package/share/the_package/package.dsv
[0.066s] -- Up-to-date: /home/cmyhj/文档/winterhomework/install/the_package/share/ament_index/resource_index/packages/the_package
[0.066s] -- Up-to-date: /home/cmyhj/文档/winterhomework/install/the_package/share/the_package/cmake/the_packageConfig.cmake
[0.066s] -- Up-to-date: /home/cmyhj/文档/winterhomework/install/the_package/share/the_package/cmake/the_packageConfig-version.cmake
[0.067s] -- Up-to-date: /home/cmyhj/文档/winterhomework/install/the_package/share/the_package/package.xml
[0.067s] Invoked command in '/home/cmyhj/文档/winterhomework/build/the_package' returned '0': CMAKE_PREFIX_PATH=/opt/ros/humble /usr/bin/cmake --install /home/cmyhj/文档/winterhomework/build/the_package
