[0.018s] Invoking command in '/home/cmyhj/文档/winterhomework/build/homework': CMAKE_PREFIX_PATH=/opt/ros/humble /usr/bin/cmake --build /home/cmyhj/文档/winterhomework/build/homework -- -j32 -l32
[0.047s] [100%] Built target homework_node
[0.052s] Invoked command in '/home/cmyhj/文档/winterhomework/build/homework' returned '0': CMAKE_PREFIX_PATH=/opt/ros/humble /usr/bin/cmake --build /home/cmyhj/文档/winterhomework/build/homework -- -j32 -l32
[0.066s] Invoking command in '/home/cmyhj/文档/winterhomework/build/homework': CMAKE_PREFIX_PATH=/opt/ros/humble /usr/bin/cmake --install /home/cmyhj/文档/winterhomework/build/homework
[0.069s] -- Install configuration: "Release"
[0.069s] -- Up-to-date: /home/cmyhj/文档/winterhomework/install/homework/lib/homework/homework_node
[0.069s] -- Up-to-date: /home/cmyhj/文档/winterhomework/install/homework/share/ament_index/resource_index/package_run_dependencies/homework
[0.069s] -- Up-to-date: /home/cmyhj/文档/winterhomework/install/homework/share/ament_index/resource_index/parent_prefix_path/homework
[0.069s] -- Up-to-date: /home/cmyhj/文档/winterhomework/install/homework/share/homework/environment/ament_prefix_path.sh
[0.069s] -- Up-to-date: /home/cmyhj/文档/winterhomework/install/homework/share/homework/environment/ament_prefix_path.dsv
[0.069s] -- Up-to-date: /home/cmyhj/文档/winterhomework/install/homework/share/homework/environment/path.sh
[0.069s] -- Up-to-date: /home/cmyhj/文档/winterhomework/install/homework/share/homework/environment/path.dsv
[0.069s] -- Up-to-date: /home/cmyhj/文档/winterhomework/install/homework/share/homework/local_setup.bash
[0.069s] -- Up-to-date: /home/cmyhj/文档/winterhomework/install/homework/share/homework/local_setup.sh
[0.069s] -- Up-to-date: /home/cmyhj/文档/winterhomework/install/homework/share/homework/local_setup.zsh
[0.069s] -- Up-to-date: /home/cmyhj/文档/winterhomework/install/homework/share/homework/local_setup.dsv
[0.069s] -- Installing: /home/cmyhj/文档/winterhomework/install/homework/share/homework/package.dsv
[0.069s] -- Up-to-date: /home/cmyhj/文档/winterhomework/install/homework/share/ament_index/resource_index/packages/homework
[0.069s] -- Up-to-date: /home/cmyhj/文档/winterhomework/install/homework/share/homework/cmake/homeworkConfig.cmake
[0.069s] -- Up-to-date: /home/cmyhj/文档/winterhomework/install/homework/share/homework/cmake/homeworkConfig-version.cmake
[0.069s] -- Up-to-date: /home/cmyhj/文档/winterhomework/install/homework/share/homework/package.xml
[0.070s] Invoked command in '/home/cmyhj/文档/winterhomework/build/homework' returned '0': CMAKE_PREFIX_PATH=/opt/ros/humble /usr/bin/cmake --install /home/cmyhj/文档/winterhomework/build/homework
