[0.379s] DEBUG:colcon:Command line arguments: ['/usr/bin/colcon', 'build', '--cmake-args', '-DCMAKE_BUILD_TYPE=Release']
[0.379s] DEBUG:colcon:Parsed command line arguments: Namespace(log_base=None, log_level=None, verb_name='build', build_base='build', install_base='install', merge_install=False, symlink_install=False, test_result_base=None, continue_on_error=False, executor='parallel', parallel_workers=32, event_handlers=None, ignore_user_meta=False, metas=['./colcon.meta'], base_paths=['.'], packages_ignore=None, packages_ignore_regex=None, paths=None, packages_up_to=None, packages_up_to_regex=None, packages_above=None, packages_above_and_dependencies=None, packages_above_depth=None, packages_select_by_dep=None, packages_skip_by_dep=None, packages_skip_up_to=None, packages_select_build_failed=False, packages_skip_build_finished=False, packages_select_test_failures=False, packages_skip_test_passed=False, packages_select=None, packages_skip=None, packages_select_regex=None, packages_skip_regex=None, packages_start=None, packages_end=None, allow_overriding=[], cmake_args=['-DCMAKE_BUILD_TYPE=Release'], cmake_target=None, cmake_target_skip_unavailable=False, cmake_clean_cache=False, cmake_clean_first=False, cmake_force_configure=False, ament_cmake_args=None, catkin_cmake_args=None, catkin_skip_building_tests=False, verb_parser=<colcon_defaults.argument_parser.defaults.DefaultArgumentsDecorator object at 0x7fc88135fcd0>, verb_extension=<colcon_core.verb.build.BuildVerb object at 0x7fc8813077f0>, main=<bound method BuildVerb.main of <colcon_core.verb.build.BuildVerb object at 0x7fc8813077f0>>)
[0.399s] Level 1:colcon.colcon_core.package_discovery:discover_packages(colcon_meta) check parameters
[0.399s] Level 1:colcon.colcon_core.package_discovery:discover_packages(recursive) check parameters
[0.399s] Level 1:colcon.colcon_core.package_discovery:discover_packages(ignore) check parameters
[0.399s] Level 1:colcon.colcon_core.package_discovery:discover_packages(path) check parameters
[0.399s] Level 1:colcon.colcon_core.package_discovery:discover_packages(colcon_meta) discover
[0.399s] Level 1:colcon.colcon_core.package_discovery:discover_packages(recursive) discover
[0.399s] INFO:colcon.colcon_core.package_discovery:Crawling recursively for packages in '/home/cmyhj/文档/winterhomework'
[0.399s] Level 1:colcon.colcon_core.package_identification:_identify(.) by extensions ['ignore', 'ignore_ament_install']
[0.399s] Level 1:colcon.colcon_core.package_identification:_identify(.) by extension 'ignore'
[0.400s] Level 1:colcon.colcon_core.package_identification:_identify(.) by extension 'ignore_ament_install'
[0.400s] Level 1:colcon.colcon_core.package_identification:_identify(.) by extensions ['colcon_pkg']
[0.400s] Level 1:colcon.colcon_core.package_identification:_identify(.) by extension 'colcon_pkg'
[0.400s] Level 1:colcon.colcon_core.package_identification:_identify(.) by extensions ['colcon_meta']
[0.400s] Level 1:colcon.colcon_core.package_identification:_identify(.) by extension 'colcon_meta'
[0.400s] Level 1:colcon.colcon_core.package_identification:_identify(.) by extensions ['ros']
[0.400s] Level 1:colcon.colcon_core.package_identification:_identify(.) by extension 'ros'
[0.405s] Level 1:colcon.colcon_core.package_identification:_identify(.) by extensions ['cmake', 'python']
[0.405s] Level 1:colcon.colcon_core.package_identification:_identify(.) by extension 'cmake'
[0.405s] Level 1:colcon.colcon_core.package_identification:_identify(.) by extension 'python'
[0.405s] Level 1:colcon.colcon_core.package_identification:_identify(.) by extensions ['python_setup_py']
[0.405s] Level 1:colcon.colcon_core.package_identification:_identify(.) by extension 'python_setup_py'
[0.405s] Level 1:colcon.colcon_core.package_identification:_identify(build) by extensions ['ignore', 'ignore_ament_install']
[0.406s] Level 1:colcon.colcon_core.package_identification:_identify(build) by extension 'ignore'
[0.406s] Level 1:colcon.colcon_core.package_identification:_identify(build) ignored
[0.406s] Level 1:colcon.colcon_core.package_identification:_identify(install) by extensions ['ignore', 'ignore_ament_install']
[0.406s] Level 1:colcon.colcon_core.package_identification:_identify(install) by extension 'ignore'
[0.406s] Level 1:colcon.colcon_core.package_identification:_identify(install) ignored
[0.406s] Level 1:colcon.colcon_core.package_identification:_identify(log) by extensions ['ignore', 'ignore_ament_install']
[0.406s] Level 1:colcon.colcon_core.package_identification:_identify(log) by extension 'ignore'
[0.406s] Level 1:colcon.colcon_core.package_identification:_identify(log) ignored
[0.406s] Level 1:colcon.colcon_core.package_identification:_identify(src) by extensions ['ignore', 'ignore_ament_install']
[0.406s] Level 1:colcon.colcon_core.package_identification:_identify(src) by extension 'ignore'
[0.406s] Level 1:colcon.colcon_core.package_identification:_identify(src) by extension 'ignore_ament_install'
[0.406s] Level 1:colcon.colcon_core.package_identification:_identify(src) by extensions ['colcon_pkg']
[0.406s] Level 1:colcon.colcon_core.package_identification:_identify(src) by extension 'colcon_pkg'
[0.406s] Level 1:colcon.colcon_core.package_identification:_identify(src) by extensions ['colcon_meta']
[0.406s] Level 1:colcon.colcon_core.package_identification:_identify(src) by extension 'colcon_meta'
[0.406s] Level 1:colcon.colcon_core.package_identification:_identify(src) by extensions ['ros']
[0.406s] Level 1:colcon.colcon_core.package_identification:_identify(src) by extension 'ros'
[0.406s] Level 1:colcon.colcon_core.package_identification:_identify(src) by extensions ['cmake', 'python']
[0.406s] Level 1:colcon.colcon_core.package_identification:_identify(src) by extension 'cmake'
[0.406s] Level 1:colcon.colcon_core.package_identification:_identify(src) by extension 'python'
[0.406s] Level 1:colcon.colcon_core.package_identification:_identify(src) by extensions ['python_setup_py']
[0.406s] Level 1:colcon.colcon_core.package_identification:_identify(src) by extension 'python_setup_py'
[0.406s] Level 1:colcon.colcon_core.package_identification:_identify(src/answer) by extensions ['ignore', 'ignore_ament_install']
[0.406s] Level 1:colcon.colcon_core.package_identification:_identify(src/answer) by extension 'ignore'
[0.406s] Level 1:colcon.colcon_core.package_identification:_identify(src/answer) by extension 'ignore_ament_install'
[0.406s] Level 1:colcon.colcon_core.package_identification:_identify(src/answer) by extensions ['colcon_pkg']
[0.406s] Level 1:colcon.colcon_core.package_identification:_identify(src/answer) by extension 'colcon_pkg'
[0.406s] Level 1:colcon.colcon_core.package_identification:_identify(src/answer) by extensions ['colcon_meta']
[0.406s] Level 1:colcon.colcon_core.package_identification:_identify(src/answer) by extension 'colcon_meta'
[0.406s] Level 1:colcon.colcon_core.package_identification:_identify(src/answer) by extensions ['ros']
[0.406s] Level 1:colcon.colcon_core.package_identification:_identify(src/answer) by extension 'ros'
[0.408s] DEBUG:colcon.colcon_core.package_identification:Package 'src/answer' with type 'ros.ament_cmake' and name 'answer'
[0.408s] Level 1:colcon.colcon_core.package_identification:_identify(src/homework) by extensions ['ignore', 'ignore_ament_install']
[0.408s] Level 1:colcon.colcon_core.package_identification:_identify(src/homework) by extension 'ignore'
[0.408s] Level 1:colcon.colcon_core.package_identification:_identify(src/homework) by extension 'ignore_ament_install'
[0.408s] Level 1:colcon.colcon_core.package_identification:_identify(src/homework) by extensions ['colcon_pkg']
[0.408s] Level 1:colcon.colcon_core.package_identification:_identify(src/homework) by extension 'colcon_pkg'
[0.408s] Level 1:colcon.colcon_core.package_identification:_identify(src/homework) by extensions ['colcon_meta']
[0.408s] Level 1:colcon.colcon_core.package_identification:_identify(src/homework) by extension 'colcon_meta'
[0.408s] Level 1:colcon.colcon_core.package_identification:_identify(src/homework) by extensions ['ros']
[0.408s] Level 1:colcon.colcon_core.package_identification:_identify(src/homework) by extension 'ros'
[0.408s] DEBUG:colcon.colcon_core.package_identification:Package 'src/homework' with type 'ros.ament_cmake' and name 'homework'
[0.408s] Level 1:colcon.colcon_core.package_discovery:discover_packages(recursive) using defaults
[0.408s] Level 1:colcon.colcon_core.package_discovery:discover_packages(ignore) discover
[0.408s] Level 1:colcon.colcon_core.package_discovery:discover_packages(ignore) using defaults
[0.408s] Level 1:colcon.colcon_core.package_discovery:discover_packages(path) discover
[0.408s] Level 1:colcon.colcon_core.package_discovery:discover_packages(path) using defaults
[0.445s] Level 1:colcon.colcon_core.package_discovery:discover_packages(prefix_path) check parameters
[0.445s] Level 1:colcon.colcon_core.package_discovery:discover_packages(prefix_path) discover
[0.457s] DEBUG:colcon.colcon_installed_package_information.package_discovery:Found 270 installed packages in /opt/ros/humble
[0.458s] Level 1:colcon.colcon_core.package_discovery:discover_packages(prefix_path) using defaults
[0.497s] Level 5:colcon.colcon_core.verb:set package 'answer' build argument 'cmake_args' from command line to '['-DCMAKE_BUILD_TYPE=Release']'
[0.497s] Level 5:colcon.colcon_core.verb:set package 'answer' build argument 'cmake_target' from command line to 'None'
[0.497s] Level 5:colcon.colcon_core.verb:set package 'answer' build argument 'cmake_target_skip_unavailable' from command line to 'False'
[0.497s] Level 5:colcon.colcon_core.verb:set package 'answer' build argument 'cmake_clean_cache' from command line to 'False'
[0.497s] Level 5:colcon.colcon_core.verb:set package 'answer' build argument 'cmake_clean_first' from command line to 'False'
[0.497s] Level 5:colcon.colcon_core.verb:set package 'answer' build argument 'cmake_force_configure' from command line to 'False'
[0.497s] Level 5:colcon.colcon_core.verb:set package 'answer' build argument 'ament_cmake_args' from command line to 'None'
[0.497s] Level 5:colcon.colcon_core.verb:set package 'answer' build argument 'catkin_cmake_args' from command line to 'None'
[0.497s] Level 5:colcon.colcon_core.verb:set package 'answer' build argument 'catkin_skip_building_tests' from command line to 'False'
[0.497s] DEBUG:colcon.colcon_core.verb:Building package 'answer' with the following arguments: {'ament_cmake_args': None, 'build_base': '/home/cmyhj/文档/winterhomework/build/answer', 'catkin_cmake_args': None, 'catkin_skip_building_tests': False, 'cmake_args': ['-DCMAKE_BUILD_TYPE=Release'], 'cmake_clean_cache': False, 'cmake_clean_first': False, 'cmake_force_configure': False, 'cmake_target': None, 'cmake_target_skip_unavailable': False, 'install_base': '/home/cmyhj/文档/winterhomework/install/answer', 'merge_install': False, 'path': '/home/cmyhj/文档/winterhomework/src/answer', 'symlink_install': False, 'test_result_base': None}
[0.503s] Level 5:colcon.colcon_core.verb:set package 'homework' build argument 'cmake_args' from command line to '['-DCMAKE_BUILD_TYPE=Release']'
[0.503s] Level 5:colcon.colcon_core.verb:set package 'homework' build argument 'cmake_target' from command line to 'None'
[0.503s] Level 5:colcon.colcon_core.verb:set package 'homework' build argument 'cmake_target_skip_unavailable' from command line to 'False'
[0.503s] Level 5:colcon.colcon_core.verb:set package 'homework' build argument 'cmake_clean_cache' from command line to 'False'
[0.503s] Level 5:colcon.colcon_core.verb:set package 'homework' build argument 'cmake_clean_first' from command line to 'False'
[0.503s] Level 5:colcon.colcon_core.verb:set package 'homework' build argument 'cmake_force_configure' from command line to 'False'
[0.503s] Level 5:colcon.colcon_core.verb:set package 'homework' build argument 'ament_cmake_args' from command line to 'None'
[0.503s] Level 5:colcon.colcon_core.verb:set package 'homework' build argument 'catkin_cmake_args' from command line to 'None'
[0.503s] Level 5:colcon.colcon_core.verb:set package 'homework' build argument 'catkin_skip_building_tests' from command line to 'False'
[0.503s] DEBUG:colcon.colcon_core.verb:Building package 'homework' with the following arguments: {'ament_cmake_args': None, 'build_base': '/home/cmyhj/文档/winterhomework/build/homework', 'catkin_cmake_args': None, 'catkin_skip_building_tests': False, 'cmake_args': ['-DCMAKE_BUILD_TYPE=Release'], 'cmake_clean_cache': False, 'cmake_clean_first': False, 'cmake_force_configure': False, 'cmake_target': None, 'cmake_target_skip_unavailable': False, 'install_base': '/home/cmyhj/文档/winterhomework/install/homework', 'merge_install': False, 'path': '/home/cmyhj/文档/winterhomework/src/homework', 'symlink_install': False, 'test_result_base': None}
[0.508s] INFO:colcon.colcon_core.executor:Executing jobs using 'parallel' executor
[0.514s] DEBUG:colcon.colcon_parallel_executor.executor.parallel:run_until_complete
[0.514s] INFO:colcon.colcon_ros.task.ament_cmake.build:Building ROS package in '/home/cmyhj/文档/winterhomework/src/answer' with build type 'ament_cmake'
[0.514s] INFO:colcon.colcon_cmake.task.cmake.build:Building CMake package in '/home/cmyhj/文档/winterhomework/src/answer'
[0.521s] INFO:colcon.colcon_core.plugin_system:Skipping extension 'colcon_core.shell.bat': Not used on non-Windows systems
[0.521s] INFO:colcon.colcon_core.shell:Skip shell extension 'powershell' for command environment: Not usable outside of PowerShell
[0.521s] DEBUG:colcon.colcon_core.shell:Skip shell extension 'dsv' for command environment
[0.533s] INFO:colcon.colcon_ros.task.ament_cmake.build:Building ROS package in '/home/cmyhj/文档/winterhomework/src/homework' with build type 'ament_cmake'
[0.533s] INFO:colcon.colcon_cmake.task.cmake.build:Building CMake package in '/home/cmyhj/文档/winterhomework/src/homework'
[0.538s] INFO:colcon.colcon_core.shell:Skip shell extension 'powershell' for command environment: Not usable outside of PowerShell
[0.538s] DEBUG:colcon.colcon_core.shell:Skip shell extension 'dsv' for command environment
[0.551s] DEBUG:colcon.colcon_core.event_handler.log_command:Invoking command in '/home/cmyhj/文档/winterhomework/build/answer': CMAKE_PREFIX_PATH=/opt/ros/humble /usr/bin/cmake --build /home/cmyhj/文档/winterhomework/build/answer -- -j32 -l32
[0.553s] DEBUG:colcon.colcon_core.event_handler.log_command:Invoking command in '/home/cmyhj/文档/winterhomework/build/homework': CMAKE_PREFIX_PATH=/opt/ros/humble /usr/bin/cmake --build /home/cmyhj/文档/winterhomework/build/homework -- -j32 -l32
[0.595s] DEBUG:colcon.colcon_core.event_handler.log_command:Invoked command in '/home/cmyhj/文档/winterhomework/build/answer' returned '0': CMAKE_PREFIX_PATH=/opt/ros/humble /usr/bin/cmake --build /home/cmyhj/文档/winterhomework/build/answer -- -j32 -l32
[0.601s] DEBUG:colcon.colcon_core.event_handler.log_command:Invoked command in '/home/cmyhj/文档/winterhomework/build/homework' returned '0': CMAKE_PREFIX_PATH=/opt/ros/humble /usr/bin/cmake --build /home/cmyhj/文档/winterhomework/build/homework -- -j32 -l32
[0.623s] DEBUG:colcon.colcon_core.event_handler.log_command:Invoking command in '/home/cmyhj/文档/winterhomework/build/answer': CMAKE_PREFIX_PATH=/opt/ros/humble /usr/bin/cmake --install /home/cmyhj/文档/winterhomework/build/answer
[0.625s] DEBUG:colcon.colcon_core.event_handler.log_command:Invoking command in '/home/cmyhj/文档/winterhomework/build/homework': CMAKE_PREFIX_PATH=/opt/ros/humble /usr/bin/cmake --install /home/cmyhj/文档/winterhomework/build/homework
[0.634s] Level 1:colcon.colcon_core.environment:create_environment_scripts_only(answer)
[0.634s] DEBUG:colcon.colcon_core.event_handler.log_command:Invoked command in '/home/cmyhj/文档/winterhomework/build/answer' returned '0': CMAKE_PREFIX_PATH=/opt/ros/humble /usr/bin/cmake --install /home/cmyhj/文档/winterhomework/build/answer
[0.648s] Level 1:colcon.colcon_core.environment:checking '/home/cmyhj/文档/winterhomework/install/answer' for CMake module files
[0.648s] Level 1:colcon.colcon_core.environment:checking '/home/cmyhj/文档/winterhomework/install/answer' for CMake config files
[0.648s] Level 1:colcon.colcon_core.shell:create_environment_hook('answer', 'cmake_prefix_path')
[0.653s] INFO:colcon.colcon_core.shell:Creating environment hook '/home/cmyhj/文档/winterhomework/install/answer/share/answer/hook/cmake_prefix_path.ps1'
[0.653s] INFO:colcon.colcon_core.shell:Creating environment descriptor '/home/cmyhj/文档/winterhomework/install/answer/share/answer/hook/cmake_prefix_path.dsv'
[0.653s] INFO:colcon.colcon_core.shell:Creating environment hook '/home/cmyhj/文档/winterhomework/install/answer/share/answer/hook/cmake_prefix_path.sh'
[0.654s] Level 1:colcon.colcon_core.environment:checking '/home/cmyhj/文档/winterhomework/install/answer/bin'
[0.654s] Level 1:colcon.colcon_core.environment:checking '/home/cmyhj/文档/winterhomework/install/answer/lib/pkgconfig/answer.pc'
[0.654s] Level 1:colcon.colcon_core.environment:checking '/home/cmyhj/文档/winterhomework/install/answer/lib/python3.10/site-packages'
[0.654s] Level 1:colcon.colcon_core.environment:checking '/home/cmyhj/文档/winterhomework/install/answer/bin'
[0.659s] INFO:colcon.colcon_core.shell:Creating package script '/home/cmyhj/文档/winterhomework/install/answer/share/answer/package.ps1'
[0.659s] INFO:colcon.colcon_core.shell:Creating package descriptor '/home/cmyhj/文档/winterhomework/install/answer/share/answer/package.dsv'
[0.659s] INFO:colcon.colcon_core.shell:Creating package script '/home/cmyhj/文档/winterhomework/install/answer/share/answer/package.sh'
[0.659s] INFO:colcon.colcon_core.shell:Creating package script '/home/cmyhj/文档/winterhomework/install/answer/share/answer/package.bash'
[0.660s] INFO:colcon.colcon_core.shell:Creating package script '/home/cmyhj/文档/winterhomework/install/answer/share/answer/package.zsh'
[0.660s] Level 1:colcon.colcon_core.environment:create_file_with_runtime_dependencies(/home/cmyhj/文档/winterhomework/install/answer/share/colcon-core/packages/answer)
[0.661s] Level 1:colcon.colcon_core.environment:create_environment_scripts_only(homework)
[0.661s] DEBUG:colcon.colcon_core.event_handler.log_command:Invoked command in '/home/cmyhj/文档/winterhomework/build/homework' returned '0': CMAKE_PREFIX_PATH=/opt/ros/humble /usr/bin/cmake --install /home/cmyhj/文档/winterhomework/build/homework
[0.666s] Level 1:colcon.colcon_core.environment:checking '/home/cmyhj/文档/winterhomework/install/homework' for CMake module files
[0.666s] Level 1:colcon.colcon_core.environment:checking '/home/cmyhj/文档/winterhomework/install/homework' for CMake config files
[0.666s] Level 1:colcon.colcon_core.shell:create_environment_hook('homework', 'cmake_prefix_path')
[0.671s] INFO:colcon.colcon_core.shell:Creating environment hook '/home/cmyhj/文档/winterhomework/install/homework/share/homework/hook/cmake_prefix_path.ps1'
[0.671s] INFO:colcon.colcon_core.shell:Creating environment descriptor '/home/cmyhj/文档/winterhomework/install/homework/share/homework/hook/cmake_prefix_path.dsv'
[0.671s] INFO:colcon.colcon_core.shell:Creating environment hook '/home/cmyhj/文档/winterhomework/install/homework/share/homework/hook/cmake_prefix_path.sh'
[0.671s] Level 1:colcon.colcon_core.environment:checking '/home/cmyhj/文档/winterhomework/install/homework/lib'
[0.671s] Level 1:colcon.colcon_core.environment:checking '/home/cmyhj/文档/winterhomework/install/homework/bin'
[0.671s] Level 1:colcon.colcon_core.environment:checking '/home/cmyhj/文档/winterhomework/install/homework/lib/pkgconfig/homework.pc'
[0.672s] Level 1:colcon.colcon_core.environment:checking '/home/cmyhj/文档/winterhomework/install/homework/lib/python3.10/site-packages'
[0.672s] Level 1:colcon.colcon_core.environment:checking '/home/cmyhj/文档/winterhomework/install/homework/bin'
[0.676s] INFO:colcon.colcon_core.shell:Creating package script '/home/cmyhj/文档/winterhomework/install/homework/share/homework/package.ps1'
[0.677s] INFO:colcon.colcon_core.shell:Creating package descriptor '/home/cmyhj/文档/winterhomework/install/homework/share/homework/package.dsv'
[0.677s] INFO:colcon.colcon_core.shell:Creating package script '/home/cmyhj/文档/winterhomework/install/homework/share/homework/package.sh'
[0.677s] INFO:colcon.colcon_core.shell:Creating package script '/home/cmyhj/文档/winterhomework/install/homework/share/homework/package.bash'
[0.677s] INFO:colcon.colcon_core.shell:Creating package script '/home/cmyhj/文档/winterhomework/install/homework/share/homework/package.zsh'
[0.677s] Level 1:colcon.colcon_core.environment:create_file_with_runtime_dependencies(/home/cmyhj/文档/winterhomework/install/homework/share/colcon-core/packages/homework)
[0.683s] Level 1:colcon.colcon_core.environment:create_environment_scripts_only(answer)
[0.688s] Level 1:colcon.colcon_core.environment:checking '/home/cmyhj/文档/winterhomework/install/answer' for CMake module files
[0.688s] Level 1:colcon.colcon_core.environment:checking '/home/cmyhj/文档/winterhomework/install/answer' for CMake config files
[0.688s] Level 1:colcon.colcon_core.shell:create_environment_hook('answer', 'cmake_prefix_path')
[0.692s] INFO:colcon.colcon_core.shell:Creating environment hook '/home/cmyhj/文档/winterhomework/install/answer/share/answer/hook/cmake_prefix_path.ps1'
[0.693s] INFO:colcon.colcon_core.shell:Creating environment descriptor '/home/cmyhj/文档/winterhomework/install/answer/share/answer/hook/cmake_prefix_path.dsv'
[0.693s] INFO:colcon.colcon_core.shell:Creating environment hook '/home/cmyhj/文档/winterhomework/install/answer/share/answer/hook/cmake_prefix_path.sh'
[0.693s] Level 1:colcon.colcon_core.environment:checking '/home/cmyhj/文档/winterhomework/install/answer/bin'
[0.693s] Level 1:colcon.colcon_core.environment:checking '/home/cmyhj/文档/winterhomework/install/answer/lib/pkgconfig/answer.pc'
[0.693s] Level 1:colcon.colcon_core.environment:checking '/home/cmyhj/文档/winterhomework/install/answer/lib/python3.10/site-packages'
[0.693s] Level 1:colcon.colcon_core.environment:checking '/home/cmyhj/文档/winterhomework/install/answer/bin'
[0.699s] INFO:colcon.colcon_core.shell:Creating package script '/home/cmyhj/文档/winterhomework/install/answer/share/answer/package.ps1'
[0.699s] INFO:colcon.colcon_core.shell:Creating package descriptor '/home/cmyhj/文档/winterhomework/install/answer/share/answer/package.dsv'
[0.699s] INFO:colcon.colcon_core.shell:Creating package script '/home/cmyhj/文档/winterhomework/install/answer/share/answer/package.sh'
[0.699s] INFO:colcon.colcon_core.shell:Creating package script '/home/cmyhj/文档/winterhomework/install/answer/share/answer/package.bash'
[0.700s] INFO:colcon.colcon_core.shell:Creating package script '/home/cmyhj/文档/winterhomework/install/answer/share/answer/package.zsh'
[0.700s] Level 1:colcon.colcon_core.environment:create_file_with_runtime_dependencies(/home/cmyhj/文档/winterhomework/install/answer/share/colcon-core/packages/answer)
[0.706s] Level 1:colcon.colcon_core.environment:create_environment_scripts_only(homework)
[0.711s] Level 1:colcon.colcon_core.environment:checking '/home/cmyhj/文档/winterhomework/install/homework' for CMake module files
[0.712s] Level 1:colcon.colcon_core.environment:checking '/home/cmyhj/文档/winterhomework/install/homework' for CMake config files
[0.712s] Level 1:colcon.colcon_core.shell:create_environment_hook('homework', 'cmake_prefix_path')
[0.718s] INFO:colcon.colcon_core.shell:Creating environment hook '/home/cmyhj/文档/winterhomework/install/homework/share/homework/hook/cmake_prefix_path.ps1'
[0.718s] INFO:colcon.colcon_core.shell:Creating environment descriptor '/home/cmyhj/文档/winterhomework/install/homework/share/homework/hook/cmake_prefix_path.dsv'
[0.718s] INFO:colcon.colcon_core.shell:Creating environment hook '/home/cmyhj/文档/winterhomework/install/homework/share/homework/hook/cmake_prefix_path.sh'
[0.718s] Level 1:colcon.colcon_core.environment:checking '/home/cmyhj/文档/winterhomework/install/homework/lib'
[0.718s] Level 1:colcon.colcon_core.environment:checking '/home/cmyhj/文档/winterhomework/install/homework/bin'
[0.718s] Level 1:colcon.colcon_core.environment:checking '/home/cmyhj/文档/winterhomework/install/homework/lib/pkgconfig/homework.pc'
[0.718s] Level 1:colcon.colcon_core.environment:checking '/home/cmyhj/文档/winterhomework/install/homework/lib/python3.10/site-packages'
[0.719s] Level 1:colcon.colcon_core.environment:checking '/home/cmyhj/文档/winterhomework/install/homework/bin'
[0.724s] INFO:colcon.colcon_core.shell:Creating package script '/home/cmyhj/文档/winterhomework/install/homework/share/homework/package.ps1'
[0.724s] INFO:colcon.colcon_core.shell:Creating package descriptor '/home/cmyhj/文档/winterhomework/install/homework/share/homework/package.dsv'
[0.725s] INFO:colcon.colcon_core.shell:Creating package script '/home/cmyhj/文档/winterhomework/install/homework/share/homework/package.sh'
[0.725s] INFO:colcon.colcon_core.shell:Creating package script '/home/cmyhj/文档/winterhomework/install/homework/share/homework/package.bash'
[0.725s] INFO:colcon.colcon_core.shell:Creating package script '/home/cmyhj/文档/winterhomework/install/homework/share/homework/package.zsh'
[0.725s] Level 1:colcon.colcon_core.environment:create_file_with_runtime_dependencies(/home/cmyhj/文档/winterhomework/install/homework/share/colcon-core/packages/homework)
[0.725s] DEBUG:colcon.colcon_parallel_executor.executor.parallel:closing loop
[0.725s] DEBUG:colcon.colcon_parallel_executor.executor.parallel:loop closed
[0.725s] DEBUG:colcon.colcon_parallel_executor.executor.parallel:run_until_complete finished with '0'
[0.725s] DEBUG:colcon.colcon_core.event_reactor:joining thread
[0.734s] INFO:colcon.colcon_core.plugin_system:Skipping extension 'colcon_notification.desktop_notification.terminal_notifier': Not used on non-Darwin systems
[0.734s] INFO:colcon.colcon_core.plugin_system:Skipping extension 'colcon_notification.desktop_notification.win32': Not used on non-Windows systems
[0.734s] INFO:colcon.colcon_notification.desktop_notification:Sending desktop notification using 'notify2'
[0.741s] DEBUG:colcon.colcon_core.event_reactor:joined thread
[0.746s] INFO:colcon.colcon_core.shell:Creating prefix script '/home/cmyhj/文档/winterhomework/install/local_setup.ps1'
[0.746s] INFO:colcon.colcon_core.shell:Creating prefix util module '/home/cmyhj/文档/winterhomework/install/_local_setup_util_ps1.py'
[0.747s] INFO:colcon.colcon_core.shell:Creating prefix chain script '/home/cmyhj/文档/winterhomework/install/setup.ps1'
[0.757s] INFO:colcon.colcon_core.shell:Creating prefix script '/home/cmyhj/文档/winterhomework/install/local_setup.sh'
[0.757s] INFO:colcon.colcon_core.shell:Creating prefix util module '/home/cmyhj/文档/winterhomework/install/_local_setup_util_sh.py'
[0.757s] INFO:colcon.colcon_core.shell:Creating prefix chain script '/home/cmyhj/文档/winterhomework/install/setup.sh'
[0.762s] INFO:colcon.colcon_core.shell:Creating prefix script '/home/cmyhj/文档/winterhomework/install/local_setup.bash'
[0.763s] INFO:colcon.colcon_core.shell:Creating prefix chain script '/home/cmyhj/文档/winterhomework/install/setup.bash'
[0.767s] INFO:colcon.colcon_core.shell:Creating prefix script '/home/cmyhj/文档/winterhomework/install/local_setup.zsh'
[0.768s] INFO:colcon.colcon_core.shell:Creating prefix chain script '/home/cmyhj/文档/winterhomework/install/setup.zsh'
