[0.333s] DEBUG:colcon:Command line arguments: ['/usr/bin/colcon', 'build']
[0.334s] DEBUG:colcon:Parsed command line arguments: Namespace(log_base=None, log_level=None, verb_name='build', build_base='build', install_base='install', merge_install=False, symlink_install=False, test_result_base=None, continue_on_error=False, executor='parallel', parallel_workers=32, event_handlers=None, ignore_user_meta=False, metas=['./colcon.meta'], base_paths=['.'], packages_ignore=None, packages_ignore_regex=None, paths=None, packages_up_to=None, packages_up_to_regex=None, packages_above=None, packages_above_and_dependencies=None, packages_above_depth=None, packages_select_by_dep=None, packages_skip_by_dep=None, packages_skip_up_to=None, packages_select_build_failed=False, packages_skip_build_finished=False, packages_select_test_failures=False, packages_skip_test_passed=False, packages_select=None, packages_skip=None, packages_select_regex=None, packages_skip_regex=None, packages_start=None, packages_end=None, allow_overriding=[], cmake_args=None, cmake_target=None, cmake_target_skip_unavailable=False, cmake_clean_cache=False, cmake_clean_first=False, cmake_force_configure=False, ament_cmake_args=None, catkin_cmake_args=None, catkin_skip_building_tests=False, verb_parser=<colcon_defaults.argument_parser.defaults.DefaultArgumentsDecorator object at 0x7fd85826e560>, verb_extension=<colcon_core.verb.build.BuildVerb object at 0x7fd8582137f0>, main=<bound method BuildVerb.main of <colcon_core.verb.build.BuildVerb object at 0x7fd8582137f0>>)
[0.350s] Level 1:colcon.colcon_core.package_discovery:discover_packages(colcon_meta) check parameters
[0.350s] Level 1:colcon.colcon_core.package_discovery:discover_packages(recursive) check parameters
[0.350s] Level 1:colcon.colcon_core.package_discovery:discover_packages(ignore) check parameters
[0.350s] Level 1:colcon.colcon_core.package_discovery:discover_packages(path) check parameters
[0.350s] Level 1:colcon.colcon_core.package_discovery:discover_packages(colcon_meta) discover
[0.350s] Level 1:colcon.colcon_core.package_discovery:discover_packages(recursive) discover
[0.351s] INFO:colcon.colcon_core.package_discovery:Crawling recursively for packages in '/home/cmyhj/文档/winterhomework'
[0.351s] Level 1:colcon.colcon_core.package_identification:_identify(.) by extensions ['ignore', 'ignore_ament_install']
[0.351s] Level 1:colcon.colcon_core.package_identification:_identify(.) by extension 'ignore'
[0.351s] Level 1:colcon.colcon_core.package_identification:_identify(.) by extension 'ignore_ament_install'
[0.351s] Level 1:colcon.colcon_core.package_identification:_identify(.) by extensions ['colcon_pkg']
[0.351s] Level 1:colcon.colcon_core.package_identification:_identify(.) by extension 'colcon_pkg'
[0.351s] Level 1:colcon.colcon_core.package_identification:_identify(.) by extensions ['colcon_meta']
[0.351s] Level 1:colcon.colcon_core.package_identification:_identify(.) by extension 'colcon_meta'
[0.351s] Level 1:colcon.colcon_core.package_identification:_identify(.) by extensions ['ros']
[0.351s] Level 1:colcon.colcon_core.package_identification:_identify(.) by extension 'ros'
[0.356s] Level 1:colcon.colcon_core.package_identification:_identify(.) by extensions ['cmake', 'python']
[0.356s] Level 1:colcon.colcon_core.package_identification:_identify(.) by extension 'cmake'
[0.356s] Level 1:colcon.colcon_core.package_identification:_identify(.) by extension 'python'
[0.356s] Level 1:colcon.colcon_core.package_identification:_identify(.) by extensions ['python_setup_py']
[0.356s] Level 1:colcon.colcon_core.package_identification:_identify(.) by extension 'python_setup_py'
[0.356s] Level 1:colcon.colcon_core.package_identification:_identify(build) by extensions ['ignore', 'ignore_ament_install']
[0.356s] Level 1:colcon.colcon_core.package_identification:_identify(build) by extension 'ignore'
[0.356s] Level 1:colcon.colcon_core.package_identification:_identify(build) ignored
[0.356s] Level 1:colcon.colcon_core.package_identification:_identify(install) by extensions ['ignore', 'ignore_ament_install']
[0.356s] Level 1:colcon.colcon_core.package_identification:_identify(install) by extension 'ignore'
[0.356s] Level 1:colcon.colcon_core.package_identification:_identify(install) ignored
[0.356s] Level 1:colcon.colcon_core.package_identification:_identify(log) by extensions ['ignore', 'ignore_ament_install']
[0.356s] Level 1:colcon.colcon_core.package_identification:_identify(log) by extension 'ignore'
[0.356s] Level 1:colcon.colcon_core.package_identification:_identify(log) ignored
[0.356s] Level 1:colcon.colcon_core.package_identification:_identify(src) by extensions ['ignore', 'ignore_ament_install']
[0.356s] Level 1:colcon.colcon_core.package_identification:_identify(src) by extension 'ignore'
[0.356s] Level 1:colcon.colcon_core.package_identification:_identify(src) by extension 'ignore_ament_install'
[0.356s] Level 1:colcon.colcon_core.package_identification:_identify(src) by extensions ['colcon_pkg']
[0.356s] Level 1:colcon.colcon_core.package_identification:_identify(src) by extension 'colcon_pkg'
[0.356s] Level 1:colcon.colcon_core.package_identification:_identify(src) by extensions ['colcon_meta']
[0.356s] Level 1:colcon.colcon_core.package_identification:_identify(src) by extension 'colcon_meta'
[0.356s] Level 1:colcon.colcon_core.package_identification:_identify(src) by extensions ['ros']
[0.356s] Level 1:colcon.colcon_core.package_identification:_identify(src) by extension 'ros'
[0.356s] Level 1:colcon.colcon_core.package_identification:_identify(src) by extensions ['cmake', 'python']
[0.356s] Level 1:colcon.colcon_core.package_identification:_identify(src) by extension 'cmake'
[0.356s] Level 1:colcon.colcon_core.package_identification:_identify(src) by extension 'python'
[0.356s] Level 1:colcon.colcon_core.package_identification:_identify(src) by extensions ['python_setup_py']
[0.356s] Level 1:colcon.colcon_core.package_identification:_identify(src) by extension 'python_setup_py'
[0.356s] Level 1:colcon.colcon_core.package_identification:_identify(src/homework) by extensions ['ignore', 'ignore_ament_install']
[0.356s] Level 1:colcon.colcon_core.package_identification:_identify(src/homework) by extension 'ignore'
[0.356s] Level 1:colcon.colcon_core.package_identification:_identify(src/homework) by extension 'ignore_ament_install'
[0.356s] Level 1:colcon.colcon_core.package_identification:_identify(src/homework) by extensions ['colcon_pkg']
[0.356s] Level 1:colcon.colcon_core.package_identification:_identify(src/homework) by extension 'colcon_pkg'
[0.356s] Level 1:colcon.colcon_core.package_identification:_identify(src/homework) by extensions ['colcon_meta']
[0.356s] Level 1:colcon.colcon_core.package_identification:_identify(src/homework) by extension 'colcon_meta'
[0.356s] Level 1:colcon.colcon_core.package_identification:_identify(src/homework) by extensions ['ros']
[0.356s] Level 1:colcon.colcon_core.package_identification:_identify(src/homework) by extension 'ros'
[0.357s] DEBUG:colcon.colcon_core.package_identification:Package 'src/homework' with type 'ros.ament_cmake' and name 'homework'
[0.358s] Level 1:colcon.colcon_core.package_identification:_identify(src/the_package) by extensions ['ignore', 'ignore_ament_install']
[0.358s] Level 1:colcon.colcon_core.package_identification:_identify(src/the_package) by extension 'ignore'
[0.358s] Level 1:colcon.colcon_core.package_identification:_identify(src/the_package) by extension 'ignore_ament_install'
[0.358s] Level 1:colcon.colcon_core.package_identification:_identify(src/the_package) by extensions ['colcon_pkg']
[0.358s] Level 1:colcon.colcon_core.package_identification:_identify(src/the_package) by extension 'colcon_pkg'
[0.358s] Level 1:colcon.colcon_core.package_identification:_identify(src/the_package) by extensions ['colcon_meta']
[0.358s] Level 1:colcon.colcon_core.package_identification:_identify(src/the_package) by extension 'colcon_meta'
[0.358s] Level 1:colcon.colcon_core.package_identification:_identify(src/the_package) by extensions ['ros']
[0.358s] Level 1:colcon.colcon_core.package_identification:_identify(src/the_package) by extension 'ros'
[0.358s] DEBUG:colcon.colcon_core.package_identification:Package 'src/the_package' with type 'ros.ament_cmake' and name 'the_package'
[0.358s] Level 1:colcon.colcon_core.package_discovery:discover_packages(recursive) using defaults
[0.358s] Level 1:colcon.colcon_core.package_discovery:discover_packages(ignore) discover
[0.358s] Level 1:colcon.colcon_core.package_discovery:discover_packages(ignore) using defaults
[0.358s] Level 1:colcon.colcon_core.package_discovery:discover_packages(path) discover
[0.358s] Level 1:colcon.colcon_core.package_discovery:discover_packages(path) using defaults
[0.388s] Level 1:colcon.colcon_core.package_discovery:discover_packages(prefix_path) check parameters
[0.389s] Level 1:colcon.colcon_core.package_discovery:discover_packages(prefix_path) discover
[0.398s] DEBUG:colcon.colcon_installed_package_information.package_discovery:Found 270 installed packages in /opt/ros/humble
[0.399s] Level 1:colcon.colcon_core.package_discovery:discover_packages(prefix_path) using defaults
[0.441s] Level 5:colcon.colcon_core.verb:set package 'homework' build argument 'cmake_args' from command line to 'None'
[0.441s] Level 5:colcon.colcon_core.verb:set package 'homework' build argument 'cmake_target' from command line to 'None'
[0.441s] Level 5:colcon.colcon_core.verb:set package 'homework' build argument 'cmake_target_skip_unavailable' from command line to 'False'
[0.441s] Level 5:colcon.colcon_core.verb:set package 'homework' build argument 'cmake_clean_cache' from command line to 'False'
[0.441s] Level 5:colcon.colcon_core.verb:set package 'homework' build argument 'cmake_clean_first' from command line to 'False'
[0.441s] Level 5:colcon.colcon_core.verb:set package 'homework' build argument 'cmake_force_configure' from command line to 'False'
[0.441s] Level 5:colcon.colcon_core.verb:set package 'homework' build argument 'ament_cmake_args' from command line to 'None'
[0.441s] Level 5:colcon.colcon_core.verb:set package 'homework' build argument 'catkin_cmake_args' from command line to 'None'
[0.441s] Level 5:colcon.colcon_core.verb:set package 'homework' build argument 'catkin_skip_building_tests' from command line to 'False'
[0.441s] DEBUG:colcon.colcon_core.verb:Building package 'homework' with the following arguments: {'ament_cmake_args': None, 'build_base': '/home/cmyhj/文档/winterhomework/build/homework', 'catkin_cmake_args': None, 'catkin_skip_building_tests': False, 'cmake_args': None, 'cmake_clean_cache': False, 'cmake_clean_first': False, 'cmake_force_configure': False, 'cmake_target': None, 'cmake_target_skip_unavailable': False, 'install_base': '/home/cmyhj/文档/winterhomework/install/homework', 'merge_install': False, 'path': '/home/cmyhj/文档/winterhomework/src/homework', 'symlink_install': False, 'test_result_base': None}
[0.446s] Level 5:colcon.colcon_core.verb:set package 'the_package' build argument 'cmake_args' from command line to 'None'
[0.446s] Level 5:colcon.colcon_core.verb:set package 'the_package' build argument 'cmake_target' from command line to 'None'
[0.446s] Level 5:colcon.colcon_core.verb:set package 'the_package' build argument 'cmake_target_skip_unavailable' from command line to 'False'
[0.446s] Level 5:colcon.colcon_core.verb:set package 'the_package' build argument 'cmake_clean_cache' from command line to 'False'
[0.446s] Level 5:colcon.colcon_core.verb:set package 'the_package' build argument 'cmake_clean_first' from command line to 'False'
[0.446s] Level 5:colcon.colcon_core.verb:set package 'the_package' build argument 'cmake_force_configure' from command line to 'False'
[0.446s] Level 5:colcon.colcon_core.verb:set package 'the_package' build argument 'ament_cmake_args' from command line to 'None'
[0.446s] Level 5:colcon.colcon_core.verb:set package 'the_package' build argument 'catkin_cmake_args' from command line to 'None'
[0.446s] Level 5:colcon.colcon_core.verb:set package 'the_package' build argument 'catkin_skip_building_tests' from command line to 'False'
[0.446s] DEBUG:colcon.colcon_core.verb:Building package 'the_package' with the following arguments: {'ament_cmake_args': None, 'build_base': '/home/cmyhj/文档/winterhomework/build/the_package', 'catkin_cmake_args': None, 'catkin_skip_building_tests': False, 'cmake_args': None, 'cmake_clean_cache': False, 'cmake_clean_first': False, 'cmake_force_configure': False, 'cmake_target': None, 'cmake_target_skip_unavailable': False, 'install_base': '/home/cmyhj/文档/winterhomework/install/the_package', 'merge_install': False, 'path': '/home/cmyhj/文档/winterhomework/src/the_package', 'symlink_install': False, 'test_result_base': None}
[0.450s] INFO:colcon.colcon_core.executor:Executing jobs using 'parallel' executor
[0.455s] DEBUG:colcon.colcon_parallel_executor.executor.parallel:run_until_complete
[0.456s] INFO:colcon.colcon_ros.task.ament_cmake.build:Building ROS package in '/home/cmyhj/文档/winterhomework/src/homework' with build type 'ament_cmake'
[0.456s] INFO:colcon.colcon_cmake.task.cmake.build:Building CMake package in '/home/cmyhj/文档/winterhomework/src/homework'
[0.461s] INFO:colcon.colcon_core.plugin_system:Skipping extension 'colcon_core.shell.bat': Not used on non-Windows systems
[0.461s] INFO:colcon.colcon_core.shell:Skip shell extension 'powershell' for command environment: Not usable outside of PowerShell
[0.461s] DEBUG:colcon.colcon_core.shell:Skip shell extension 'dsv' for command environment
[0.471s] INFO:colcon.colcon_ros.task.ament_cmake.build:Building ROS package in '/home/cmyhj/文档/winterhomework/src/the_package' with build type 'ament_cmake'
[0.471s] INFO:colcon.colcon_cmake.task.cmake.build:Building CMake package in '/home/cmyhj/文档/winterhomework/src/the_package'
[0.476s] INFO:colcon.colcon_core.shell:Skip shell extension 'powershell' for command environment: Not usable outside of PowerShell
[0.476s] DEBUG:colcon.colcon_core.shell:Skip shell extension 'dsv' for command environment
[0.488s] DEBUG:colcon.colcon_core.event_handler.log_command:Invoking command in '/home/cmyhj/文档/winterhomework/build/homework': CMAKE_PREFIX_PATH=/opt/ros/humble /usr/bin/cmake --build /home/cmyhj/文档/winterhomework/build/homework -- -j32 -l32
[0.490s] DEBUG:colcon.colcon_core.event_handler.log_command:Invoking command in '/home/cmyhj/文档/winterhomework/build/the_package': CMAKE_PREFIX_PATH=/opt/ros/humble /usr/bin/cmake --build /home/cmyhj/文档/winterhomework/build/the_package -- -j32 -l32
[0.520s] DEBUG:colcon.colcon_core.event_handler.log_command:Invoked command in '/home/cmyhj/文档/winterhomework/build/the_package' returned '0': CMAKE_PREFIX_PATH=/opt/ros/humble /usr/bin/cmake --build /home/cmyhj/文档/winterhomework/build/the_package -- -j32 -l32
[0.526s] DEBUG:colcon.colcon_core.event_handler.log_command:Invoked command in '/home/cmyhj/文档/winterhomework/build/homework' returned '0': CMAKE_PREFIX_PATH=/opt/ros/humble /usr/bin/cmake --build /home/cmyhj/文档/winterhomework/build/homework -- -j32 -l32
[0.534s] DEBUG:colcon.colcon_core.event_handler.log_command:Invoking command in '/home/cmyhj/文档/winterhomework/build/the_package': CMAKE_PREFIX_PATH=/opt/ros/humble /usr/bin/cmake --install /home/cmyhj/文档/winterhomework/build/the_package
[0.537s] DEBUG:colcon.colcon_core.event_handler.log_command:Invoking command in '/home/cmyhj/文档/winterhomework/build/homework': CMAKE_PREFIX_PATH=/opt/ros/humble /usr/bin/cmake --install /home/cmyhj/文档/winterhomework/build/homework
[0.538s] Level 1:colcon.colcon_core.environment:create_environment_scripts_only(the_package)
[0.539s] DEBUG:colcon.colcon_core.event_handler.log_command:Invoked command in '/home/cmyhj/文档/winterhomework/build/the_package' returned '0': CMAKE_PREFIX_PATH=/opt/ros/humble /usr/bin/cmake --install /home/cmyhj/文档/winterhomework/build/the_package
[0.546s] Level 1:colcon.colcon_core.environment:checking '/home/cmyhj/文档/winterhomework/install/the_package' for CMake module files
[0.546s] Level 1:colcon.colcon_core.environment:checking '/home/cmyhj/文档/winterhomework/install/the_package' for CMake config files
[0.546s] Level 1:colcon.colcon_core.shell:create_environment_hook('the_package', 'cmake_prefix_path')
[0.551s] INFO:colcon.colcon_core.shell:Creating environment hook '/home/cmyhj/文档/winterhomework/install/the_package/share/the_package/hook/cmake_prefix_path.ps1'
[0.551s] INFO:colcon.colcon_core.shell:Creating environment descriptor '/home/cmyhj/文档/winterhomework/install/the_package/share/the_package/hook/cmake_prefix_path.dsv'
[0.552s] INFO:colcon.colcon_core.shell:Creating environment hook '/home/cmyhj/文档/winterhomework/install/the_package/share/the_package/hook/cmake_prefix_path.sh'
[0.552s] Level 1:colcon.colcon_core.environment:checking '/home/cmyhj/文档/winterhomework/install/the_package/bin'
[0.552s] Level 1:colcon.colcon_core.environment:checking '/home/cmyhj/文档/winterhomework/install/the_package/lib/pkgconfig/the_package.pc'
[0.552s] Level 1:colcon.colcon_core.environment:checking '/home/cmyhj/文档/winterhomework/install/the_package/lib/python3.10/site-packages'
[0.552s] Level 1:colcon.colcon_core.environment:checking '/home/cmyhj/文档/winterhomework/install/the_package/bin'
[0.557s] INFO:colcon.colcon_core.shell:Creating package script '/home/cmyhj/文档/winterhomework/install/the_package/share/the_package/package.ps1'
[0.557s] INFO:colcon.colcon_core.shell:Creating package descriptor '/home/cmyhj/文档/winterhomework/install/the_package/share/the_package/package.dsv'
[0.557s] INFO:colcon.colcon_core.shell:Creating package script '/home/cmyhj/文档/winterhomework/install/the_package/share/the_package/package.sh'
[0.558s] INFO:colcon.colcon_core.shell:Creating package script '/home/cmyhj/文档/winterhomework/install/the_package/share/the_package/package.bash'
[0.558s] INFO:colcon.colcon_core.shell:Creating package script '/home/cmyhj/文档/winterhomework/install/the_package/share/the_package/package.zsh'
[0.558s] Level 1:colcon.colcon_core.environment:create_file_with_runtime_dependencies(/home/cmyhj/文档/winterhomework/install/the_package/share/colcon-core/packages/the_package)
[0.560s] Level 1:colcon.colcon_core.environment:create_environment_scripts_only(homework)
[0.560s] DEBUG:colcon.colcon_core.event_handler.log_command:Invoked command in '/home/cmyhj/文档/winterhomework/build/homework' returned '0': CMAKE_PREFIX_PATH=/opt/ros/humble /usr/bin/cmake --install /home/cmyhj/文档/winterhomework/build/homework
[0.564s] Level 1:colcon.colcon_core.environment:checking '/home/cmyhj/文档/winterhomework/install/homework' for CMake module files
[0.565s] Level 1:colcon.colcon_core.environment:checking '/home/cmyhj/文档/winterhomework/install/homework' for CMake config files
[0.565s] Level 1:colcon.colcon_core.shell:create_environment_hook('homework', 'cmake_prefix_path')
[0.569s] INFO:colcon.colcon_core.shell:Creating environment hook '/home/cmyhj/文档/winterhomework/install/homework/share/homework/hook/cmake_prefix_path.ps1'
[0.570s] INFO:colcon.colcon_core.shell:Creating environment descriptor '/home/cmyhj/文档/winterhomework/install/homework/share/homework/hook/cmake_prefix_path.dsv'
[0.570s] INFO:colcon.colcon_core.shell:Creating environment hook '/home/cmyhj/文档/winterhomework/install/homework/share/homework/hook/cmake_prefix_path.sh'
[0.570s] Level 1:colcon.colcon_core.environment:checking '/home/cmyhj/文档/winterhomework/install/homework/lib'
[0.570s] Level 1:colcon.colcon_core.environment:checking '/home/cmyhj/文档/winterhomework/install/homework/bin'
[0.570s] Level 1:colcon.colcon_core.environment:checking '/home/cmyhj/文档/winterhomework/install/homework/lib/pkgconfig/homework.pc'
[0.570s] Level 1:colcon.colcon_core.environment:checking '/home/cmyhj/文档/winterhomework/install/homework/lib/python3.10/site-packages'
[0.570s] Level 1:colcon.colcon_core.environment:checking '/home/cmyhj/文档/winterhomework/install/homework/bin'
[0.575s] INFO:colcon.colcon_core.shell:Creating package script '/home/cmyhj/文档/winterhomework/install/homework/share/homework/package.ps1'
[0.575s] INFO:colcon.colcon_core.shell:Creating package descriptor '/home/cmyhj/文档/winterhomework/install/homework/share/homework/package.dsv'
[0.575s] INFO:colcon.colcon_core.shell:Creating package script '/home/cmyhj/文档/winterhomework/install/homework/share/homework/package.sh'
[0.576s] INFO:colcon.colcon_core.shell:Creating package script '/home/cmyhj/文档/winterhomework/install/homework/share/homework/package.bash'
[0.576s] INFO:colcon.colcon_core.shell:Creating package script '/home/cmyhj/文档/winterhomework/install/homework/share/homework/package.zsh'
[0.576s] Level 1:colcon.colcon_core.environment:create_file_with_runtime_dependencies(/home/cmyhj/文档/winterhomework/install/homework/share/colcon-core/packages/homework)
[0.581s] Level 1:colcon.colcon_core.environment:create_environment_scripts_only(the_package)
[0.586s] Level 1:colcon.colcon_core.environment:checking '/home/cmyhj/文档/winterhomework/install/the_package' for CMake module files
[0.586s] Level 1:colcon.colcon_core.environment:checking '/home/cmyhj/文档/winterhomework/install/the_package' for CMake config files
[0.587s] Level 1:colcon.colcon_core.shell:create_environment_hook('the_package', 'cmake_prefix_path')
[0.591s] INFO:colcon.colcon_core.shell:Creating environment hook '/home/cmyhj/文档/winterhomework/install/the_package/share/the_package/hook/cmake_prefix_path.ps1'
[0.592s] INFO:colcon.colcon_core.shell:Creating environment descriptor '/home/cmyhj/文档/winterhomework/install/the_package/share/the_package/hook/cmake_prefix_path.dsv'
[0.592s] INFO:colcon.colcon_core.shell:Creating environment hook '/home/cmyhj/文档/winterhomework/install/the_package/share/the_package/hook/cmake_prefix_path.sh'
[0.592s] Level 1:colcon.colcon_core.environment:checking '/home/cmyhj/文档/winterhomework/install/the_package/bin'
[0.592s] Level 1:colcon.colcon_core.environment:checking '/home/cmyhj/文档/winterhomework/install/the_package/lib/pkgconfig/the_package.pc'
[0.592s] Level 1:colcon.colcon_core.environment:checking '/home/cmyhj/文档/winterhomework/install/the_package/lib/python3.10/site-packages'
[0.592s] Level 1:colcon.colcon_core.environment:checking '/home/cmyhj/文档/winterhomework/install/the_package/bin'
[0.597s] INFO:colcon.colcon_core.shell:Creating package script '/home/cmyhj/文档/winterhomework/install/the_package/share/the_package/package.ps1'
[0.597s] INFO:colcon.colcon_core.shell:Creating package descriptor '/home/cmyhj/文档/winterhomework/install/the_package/share/the_package/package.dsv'
[0.597s] INFO:colcon.colcon_core.shell:Creating package script '/home/cmyhj/文档/winterhomework/install/the_package/share/the_package/package.sh'
[0.597s] INFO:colcon.colcon_core.shell:Creating package script '/home/cmyhj/文档/winterhomework/install/the_package/share/the_package/package.bash'
[0.598s] INFO:colcon.colcon_core.shell:Creating package script '/home/cmyhj/文档/winterhomework/install/the_package/share/the_package/package.zsh'
[0.598s] Level 1:colcon.colcon_core.environment:create_file_with_runtime_dependencies(/home/cmyhj/文档/winterhomework/install/the_package/share/colcon-core/packages/the_package)
[0.603s] Level 1:colcon.colcon_core.environment:create_environment_scripts_only(homework)
[0.607s] Level 1:colcon.colcon_core.environment:checking '/home/cmyhj/文档/winterhomework/install/homework' for CMake module files
[0.607s] Level 1:colcon.colcon_core.environment:checking '/home/cmyhj/文档/winterhomework/install/homework' for CMake config files
[0.608s] Level 1:colcon.colcon_core.shell:create_environment_hook('homework', 'cmake_prefix_path')
[0.612s] INFO:colcon.colcon_core.shell:Creating environment hook '/home/cmyhj/文档/winterhomework/install/homework/share/homework/hook/cmake_prefix_path.ps1'
[0.612s] INFO:colcon.colcon_core.shell:Creating environment descriptor '/home/cmyhj/文档/winterhomework/install/homework/share/homework/hook/cmake_prefix_path.dsv'
[0.612s] INFO:colcon.colcon_core.shell:Creating environment hook '/home/cmyhj/文档/winterhomework/install/homework/share/homework/hook/cmake_prefix_path.sh'
[0.613s] Level 1:colcon.colcon_core.environment:checking '/home/cmyhj/文档/winterhomework/install/homework/lib'
[0.613s] Level 1:colcon.colcon_core.environment:checking '/home/cmyhj/文档/winterhomework/install/homework/bin'
[0.613s] Level 1:colcon.colcon_core.environment:checking '/home/cmyhj/文档/winterhomework/install/homework/lib/pkgconfig/homework.pc'
[0.613s] Level 1:colcon.colcon_core.environment:checking '/home/cmyhj/文档/winterhomework/install/homework/lib/python3.10/site-packages'
[0.613s] Level 1:colcon.colcon_core.environment:checking '/home/cmyhj/文档/winterhomework/install/homework/bin'
[0.617s] INFO:colcon.colcon_core.shell:Creating package script '/home/cmyhj/文档/winterhomework/install/homework/share/homework/package.ps1'
[0.618s] INFO:colcon.colcon_core.shell:Creating package descriptor '/home/cmyhj/文档/winterhomework/install/homework/share/homework/package.dsv'
[0.618s] INFO:colcon.colcon_core.shell:Creating package script '/home/cmyhj/文档/winterhomework/install/homework/share/homework/package.sh'
[0.618s] INFO:colcon.colcon_core.shell:Creating package script '/home/cmyhj/文档/winterhomework/install/homework/share/homework/package.bash'
[0.618s] INFO:colcon.colcon_core.shell:Creating package script '/home/cmyhj/文档/winterhomework/install/homework/share/homework/package.zsh'
[0.618s] Level 1:colcon.colcon_core.environment:create_file_with_runtime_dependencies(/home/cmyhj/文档/winterhomework/install/homework/share/colcon-core/packages/homework)
[0.618s] DEBUG:colcon.colcon_parallel_executor.executor.parallel:closing loop
[0.618s] DEBUG:colcon.colcon_parallel_executor.executor.parallel:loop closed
[0.618s] DEBUG:colcon.colcon_parallel_executor.executor.parallel:run_until_complete finished with '0'
[0.618s] DEBUG:colcon.colcon_core.event_reactor:joining thread
[0.625s] INFO:colcon.colcon_core.plugin_system:Skipping extension 'colcon_notification.desktop_notification.terminal_notifier': Not used on non-Darwin systems
[0.625s] INFO:colcon.colcon_core.plugin_system:Skipping extension 'colcon_notification.desktop_notification.win32': Not used on non-Windows systems
[0.626s] INFO:colcon.colcon_notification.desktop_notification:Sending desktop notification using 'notify2'
[0.632s] DEBUG:colcon.colcon_core.event_reactor:joined thread
[0.636s] INFO:colcon.colcon_core.shell:Creating prefix script '/home/cmyhj/文档/winterhomework/install/local_setup.ps1'
[0.637s] INFO:colcon.colcon_core.shell:Creating prefix util module '/home/cmyhj/文档/winterhomework/install/_local_setup_util_ps1.py'
[0.637s] INFO:colcon.colcon_core.shell:Creating prefix chain script '/home/cmyhj/文档/winterhomework/install/setup.ps1'
[0.652s] INFO:colcon.colcon_core.shell:Creating prefix script '/home/cmyhj/文档/winterhomework/install/local_setup.sh'
[0.652s] INFO:colcon.colcon_core.shell:Creating prefix util module '/home/cmyhj/文档/winterhomework/install/_local_setup_util_sh.py'
[0.653s] INFO:colcon.colcon_core.shell:Creating prefix chain script '/home/cmyhj/文档/winterhomework/install/setup.sh'
[0.660s] INFO:colcon.colcon_core.shell:Creating prefix script '/home/cmyhj/文档/winterhomework/install/local_setup.bash'
[0.660s] INFO:colcon.colcon_core.shell:Creating prefix chain script '/home/cmyhj/文档/winterhomework/install/setup.bash'
[0.667s] INFO:colcon.colcon_core.shell:Creating prefix script '/home/cmyhj/文档/winterhomework/install/local_setup.zsh'
[0.667s] INFO:colcon.colcon_core.shell:Creating prefix chain script '/home/cmyhj/文档/winterhomework/install/setup.zsh'
