[0.034s] Invoking command in '/home/cmyhj/文档/winterhomework/build/homework': CMAKE_PREFIX_PATH=/opt/ros/humble /usr/bin/cmake /home/cmyhj/文档/winterhomework/src/homework -DCMAKE_INSTALL_PREFIX=/home/cmyhj/文档/winterhomework/install/homework
[0.059s] -- The C compiler identification is GNU 11.4.0
[0.085s] -- The CXX compiler identification is GNU 11.4.0
[0.089s] -- Detecting C compiler ABI info
[0.122s] -- Detecting C compiler ABI info - done
[0.126s] -- Check for working C compiler: /usr/bin/cc - skipped
[0.126s] -- Detecting C compile features
[0.126s] -- Detecting C compile features - done
[0.128s] -- Detecting CXX compiler ABI info
[0.170s] -- Detecting CXX compiler ABI info - done
[0.173s] -- Check for working CXX compiler: /usr/bin/c++ - skipped
[0.173s] -- Detecting CXX compile features
[0.173s] -- Detecting CXX compile features - done
[0.174s] -- Found ament_cmake: 1.3.7 (/opt/ros/humble/share/ament_cmake/cmake)
[0.253s] -- Found Python3: /usr/bin/python3.10 (found version "3.10.12") found components: Interpreter 
[0.288s] -- Found rclcpp: 16.0.8 (/opt/ros/humble/share/rclcpp/cmake)
[0.305s] -- Found rosidl_generator_c: 3.1.5 (/opt/ros/humble/share/rosidl_generator_c/cmake)
[0.307s] -- Found rosidl_adapter: 3.1.5 (/opt/ros/humble/share/rosidl_adapter/cmake)
[0.310s] -- Found rosidl_generator_cpp: 3.1.5 (/opt/ros/humble/share/rosidl_generator_cpp/cmake)
[0.316s] -- Using all available rosidl_typesupport_c: rosidl_typesupport_fastrtps_c;rosidl_typesupport_introspection_c
[0.324s] -- Using all available rosidl_typesupport_cpp: rosidl_typesupport_fastrtps_cpp;rosidl_typesupport_introspection_cpp
[0.355s] -- Found rmw_implementation_cmake: 6.1.1 (/opt/ros/humble/share/rmw_implementation_cmake/cmake)
[0.356s] -- Found rmw_fastrtps_cpp: 6.2.6 (/opt/ros/humble/share/rmw_fastrtps_cpp/cmake)
[0.397s] -- Found OpenSSL: /usr/lib/x86_64-linux-gnu/libcrypto.so (found version "3.0.2")  
[0.408s] -- Found FastRTPS: /opt/ros/humble/include  
[0.428s] -- Using RMW implementation 'rmw_fastrtps_cpp' as default
[0.432s] -- Looking for pthread.h
[0.467s] -- Looking for pthread.h - found
[0.467s] -- Performing Test CMAKE_HAVE_LIBC_PTHREAD
[0.500s] -- Performing Test CMAKE_HAVE_LIBC_PTHREAD - Success
[0.500s] -- Found Threads: TRUE  
[0.574s] -- Found geometry_msgs: 4.2.3 (/opt/ros/humble/share/geometry_msgs/cmake)
[0.594s] -- Found sensor_msgs: 4.2.3 (/opt/ros/humble/share/sensor_msgs/cmake)
[0.634s] -- Found cv_bridge: 3.4.0 (/opt/ros/humble/share/cv_bridge/cmake)
[0.647s] -- Found OpenCV: /usr/local (found version "4.9.0") 
[0.648s] -- Found ament_lint_auto: 0.12.10 (/opt/ros/humble/share/ament_lint_auto/cmake)
[0.682s] -- Added test 'copyright' to check source files copyright and LICENSE
[0.688s] -- Added test 'cppcheck' to perform static code analysis on C / C++ code
[0.689s] -- Configured cppcheck include dirs: /home/cmyhj/文档/winterhomework/src/homework/thirdparty/websocketpp-0.8.2;$<BUILD_INTERFACE:/home/cmyhj/文档/winterhomework/src/homework/include>
[0.689s] -- Configured cppcheck exclude dirs and/or files: 
[0.695s] -- Added test 'cpplint' to check C / C++ code against the Google style
[0.695s] -- Configured cpplint exclude dirs and/or files: 
[0.697s] -- Added test 'lint_cmake' to check CMake code style
[0.704s] -- Added test 'uncrustify' to check C / C++ code style
[0.704s] -- Configured uncrustify additional arguments: 
[0.705s] -- Added test 'xmllint' to check XML markup files
[0.705s] -- Configuring done
[0.711s] -- Generating done
[0.711s] -- Build files have been written to: /home/cmyhj/文档/winterhomework/build/homework
[0.717s] Invoked command in '/home/cmyhj/文档/winterhomework/build/homework' returned '0': CMAKE_PREFIX_PATH=/opt/ros/humble /usr/bin/cmake /home/cmyhj/文档/winterhomework/src/homework -DCMAKE_INSTALL_PREFIX=/home/cmyhj/文档/winterhomework/install/homework
[0.717s] Invoking command in '/home/cmyhj/文档/winterhomework/build/homework': CMAKE_PREFIX_PATH=/opt/ros/humble /usr/bin/cmake --build /home/cmyhj/文档/winterhomework/build/homework -- -j32 -l32
[0.740s] [ 50%] [32mBuilding CXX object CMakeFiles/homework_node.dir/src/homework_node.cpp.o[0m
[7.619s] [100%] [32m[1mLinking CXX executable homework_node[0m
[7.963s] [100%] Built target homework_node
[7.972s] Invoked command in '/home/cmyhj/文档/winterhomework/build/homework' returned '0': CMAKE_PREFIX_PATH=/opt/ros/humble /usr/bin/cmake --build /home/cmyhj/文档/winterhomework/build/homework -- -j32 -l32
[7.984s] Invoking command in '/home/cmyhj/文档/winterhomework/build/homework': CMAKE_PREFIX_PATH=/opt/ros/humble /usr/bin/cmake --install /home/cmyhj/文档/winterhomework/build/homework
[7.988s] -- Install configuration: ""
[7.988s] -- Installing: /home/cmyhj/文档/winterhomework/install/homework/lib/homework/homework_node
[7.993s] -- Set runtime path of "/home/cmyhj/文档/winterhomework/install/homework/lib/homework/homework_node" to ""
[7.993s] -- Installing: /home/cmyhj/文档/winterhomework/install/homework/share/ament_index/resource_index/package_run_dependencies/homework
[7.993s] -- Installing: /home/cmyhj/文档/winterhomework/install/homework/share/ament_index/resource_index/parent_prefix_path/homework
[7.993s] -- Installing: /home/cmyhj/文档/winterhomework/install/homework/share/homework/environment/ament_prefix_path.sh
[7.993s] -- Installing: /home/cmyhj/文档/winterhomework/install/homework/share/homework/environment/ament_prefix_path.dsv
[7.993s] -- Installing: /home/cmyhj/文档/winterhomework/install/homework/share/homework/environment/path.sh
[7.993s] -- Installing: /home/cmyhj/文档/winterhomework/install/homework/share/homework/environment/path.dsv
[7.993s] -- Installing: /home/cmyhj/文档/winterhomework/install/homework/share/homework/local_setup.bash
[7.993s] -- Installing: /home/cmyhj/文档/winterhomework/install/homework/share/homework/local_setup.sh
[7.993s] -- Installing: /home/cmyhj/文档/winterhomework/install/homework/share/homework/local_setup.zsh
[7.993s] -- Installing: /home/cmyhj/文档/winterhomework/install/homework/share/homework/local_setup.dsv
[7.993s] -- Installing: /home/cmyhj/文档/winterhomework/install/homework/share/homework/package.dsv
[7.993s] -- Installing: /home/cmyhj/文档/winterhomework/install/homework/share/ament_index/resource_index/packages/homework
[7.993s] -- Installing: /home/cmyhj/文档/winterhomework/install/homework/share/homework/cmake/homeworkConfig.cmake
[7.994s] -- Installing: /home/cmyhj/文档/winterhomework/install/homework/share/homework/cmake/homeworkConfig-version.cmake
[7.994s] -- Installing: /home/cmyhj/文档/winterhomework/install/homework/share/homework/package.xml
[7.995s] Invoked command in '/home/cmyhj/文档/winterhomework/build/homework' returned '0': CMAKE_PREFIX_PATH=/opt/ros/humble /usr/bin/cmake --install /home/cmyhj/文档/winterhomework/build/homework
